Using pre-set license
Built from '2020.3/staging' branch; Version is '2020.3.11f1 (99c7afb366b3) revision 10078127'; Using compiler version '192528614'; Build Type 'Release'
OS: 'Windows 10 Home; OS build 19043.1110; Version 2009; 64bit' Language: 'en' Physical Memory: 16319 MB
BatchMode: 1, IsHumanControllingUs: 0, StartBugReporterOnCrash: 0, Is64bit: 1, IsPro: 0

 COMMAND LINE ARGUMENTS:
D:\Unity\Editor\Unity.exe
-adb2
-batchMode
-noUpm
-name
AssetImportWorker0
-projectPath
D:/Manikandan/Documents/Repositories/Potion-Panic/Potion Panic
-logFile
Logs/AssetImportWorker0.log
-srvPort
52089
Successfully changed project path to: D:/Manikandan/Documents/Repositories/Potion-Panic/Potion Panic
D:/Manikandan/Documents/Repositories/Potion-Panic/Potion Panic
Using Asset Import Pipeline V2.
Refreshing native plugins compatible for Editor in 727.77 ms, found 2 plugins.
Preloading 0 native plugins for Editor in 0.00 ms.
Initialize engine version: 2020.3.11f1 (99c7afb366b3)
[Subsystems] Discovering subsystems at path D:/Unity/Editor/Data/Resources/UnitySubsystems
[Subsystems] Discovering subsystems at path D:/Manikandan/Documents/Repositories/Potion-Panic/Potion Panic/Assets
GfxDevice: creating device client; threaded=0
Direct3D:
    Version:  Direct3D 11.0 [level 11.1]
    Renderer: NVIDIA GeForce GTX 1060 (ID=0x1c60)
    Vendor:   
    VRAM:     6052 MB
    Driver:   27.21.14.6172
Shader 'Universal Render Pipeline/Particles/Lit': fallback shader 'Universal Render Pipeline/Particles/SimpleLit' not found
Initialize mono
Mono path[0] = 'D:/Unity/Editor/Data/Managed'
Mono path[1] = 'D:/Unity/Editor/Data/MonoBleedingEdge/lib/mono/unityjit'
Mono config path = 'D:/Unity/Editor/Data/MonoBleedingEdge/etc'
Using monoOptions --debugger-agent=transport=dt_socket,embedding=1,server=y,suspend=n,address=127.0.0.1:56892
Begin MonoManager ReloadAssembly
Registering precompiled unity dll's ...
Register platform support module: D:/Unity/Editor/Data/PlaybackEngines/WindowsStandaloneSupport/UnityEditor.WindowsStandalone.Extensions.dll
Registered in 0.016371 seconds.
Native extension for WindowsStandalone target not found
Refreshing native plugins compatible for Editor in 800.48 ms, found 2 plugins.
Preloading 0 native plugins for Editor in 0.00 ms.
Mono: successfully reloaded assembly
- Completed reload, in  6.312 seconds
Platform modules already initialized, skipping
Registering precompiled user dll's ...
Registered in 0.046131 seconds.
Begin MonoManager ReloadAssembly
Native extension for WindowsStandalone target not found
Refreshing native plugins compatible for Editor in 268.47 ms, found 2 plugins.
Preloading 0 native plugins for Editor in 0.00 ms.
Mono: successfully reloaded assembly
- Completed reload, in  6.056 seconds
Platform modules already initialized, skipping
========================================================================
Worker process is ready to serve import requests
Shader 'Universal Render Pipeline/Particles/Lit': fallback shader 'Universal Render Pipeline/Particles/SimpleLit' not found
Launched and connected shader compiler UnityShaderCompiler.exe after 0.06 seconds
Refreshing native plugins compatible for Editor in 2.25 ms, found 2 plugins.
Preloading 0 native plugins for Editor in 0.00 ms.
Unloading 3229 Unused Serialized files (Serialized files now loaded: 0)
System memory in use before: 150.5 MB.
System memory in use after: 150.7 MB.

Unloading 19 unused Assets to reduce memory usage. Loaded Objects now: 3671.
Total: 3.176100 ms (FindLiveObjects: 0.326800 ms CreateObjectMapping: 0.143800 ms MarkObjects: 2.575200 ms  DeleteObjects: 0.129400 ms)

========================================================================
Received Import Request.
  path: Assets/Data/UI/Sprites/UI/Player 1 Icon.PNG
  artifactKey: Guid(91c51973cd5192b4ea9302a8538aeb5a) Importer(815301076,1909f56bfc062723c751e8b465ee728b)
Start importing Assets/Data/UI/Sprites/UI/Player 1 Icon.PNG using Guid(91c51973cd5192b4ea9302a8538aeb5a) Importer(815301076,1909f56bfc062723c751e8b465ee728b)  -> (artifact id: '7a1eba7ca1fd3de8fa0a80944813cc81') in 0.225730 seconds
  Import took 0.238443 seconds .

========================================================================
Received Import Request.
  Time since last request: 212.586984 seconds.
  path: Assets/Data/UI/Sprites/UI/Player 2 Icon.PNG
  artifactKey: Guid(5ddf9259614fcbb44970ba4e9e462e08) Importer(815301076,1909f56bfc062723c751e8b465ee728b)
Start importing Assets/Data/UI/Sprites/UI/Player 2 Icon.PNG using Guid(5ddf9259614fcbb44970ba4e9e462e08) Importer(815301076,1909f56bfc062723c751e8b465ee728b)  -> (artifact id: '71a9959e2d44605494f95d3f8f5486c4') in 0.021219 seconds
  Import took 0.032548 seconds .

========================================================================
Received Import Request.
  Time since last request: 2.925767 seconds.
  path: Assets/Data/UI/Sprites/UI/Player 2 Icon.PNG
  artifactKey: Guid(5ddf9259614fcbb44970ba4e9e462e08) Importer(815301076,1909f56bfc062723c751e8b465ee728b)
Start importing Assets/Data/UI/Sprites/UI/Player 2 Icon.PNG using Guid(5ddf9259614fcbb44970ba4e9e462e08) Importer(815301076,1909f56bfc062723c751e8b465ee728b)  -> (artifact id: '383e645fd67dec5474c42826d21b1187') in 0.026230 seconds
  Import took 0.035887 seconds .

========================================================================
Received Import Request.
  Time since last request: 72.063438 seconds.
  path: Assets/Data/UI/Sprites/UI/Player 2 Icon.PNG
  artifactKey: Guid(5ddf9259614fcbb44970ba4e9e462e08) Importer(815301076,1909f56bfc062723c751e8b465ee728b)
Start importing Assets/Data/UI/Sprites/UI/Player 2 Icon.PNG using Guid(5ddf9259614fcbb44970ba4e9e462e08) Importer(815301076,1909f56bfc062723c751e8b465ee728b)  -> (artifact id: '1561864cbfc9fd06d8a20fe0eef09309') in 0.020335 seconds
  Import took 0.028280 seconds .

========================================================================
Received Import Request.
  Time since last request: 0.000739 seconds.
  path: Assets/Data/UI/Sprites/UI/Player 2 Icon.PNG
  artifactKey: Guid(5ddf9259614fcbb44970ba4e9e462e08) Importer(815301076,1909f56bfc062723c751e8b465ee728b)
Start importing Assets/Data/UI/Sprites/UI/Player 2 Icon.PNG using Guid(5ddf9259614fcbb44970ba4e9e462e08) Importer(815301076,1909f56bfc062723c751e8b465ee728b)  -> (artifact id: '1561864cbfc9fd06d8a20fe0eef09309') in 0.020484 seconds
  Import took 0.027201 seconds .

========================================================================
Received Import Request.
  Time since last request: 2.345649 seconds.
  path: Assets/Data/UI/Sprites/UI/Player 2 Icon.PNG
  artifactKey: Guid(5ddf9259614fcbb44970ba4e9e462e08) Importer(815301076,1909f56bfc062723c751e8b465ee728b)
Start importing Assets/Data/UI/Sprites/UI/Player 2 Icon.PNG using Guid(5ddf9259614fcbb44970ba4e9e462e08) Importer(815301076,1909f56bfc062723c751e8b465ee728b)  -> (artifact id: 'fdc665aa4eb737e0dbbc0cc5147985f2') in 0.022456 seconds
  Import took 0.030496 seconds .

========================================================================
Received Prepare
Registering precompiled user dll's ...
Registered in 0.011493 seconds.
Begin MonoManager ReloadAssembly
Native extension for WindowsStandalone target not found
Refreshing native plugins compatible for Editor in 1.86 ms, found 2 plugins.
Preloading 0 native plugins for Editor in 0.00 ms.
Mono: successfully reloaded assembly
- Completed reload, in  1.597 seconds
Platform modules already initialized, skipping
Shader 'Universal Render Pipeline/Particles/Lit': fallback shader 'Universal Render Pipeline/Particles/SimpleLit' not found
Refreshing native plugins compatible for Editor in 1.95 ms, found 2 plugins.
Preloading 0 native plugins for Editor in 0.00 ms.
Unloading 3112 Unused Serialized files (Serialized files now loaded: 0)
System memory in use before: 145.6 MB.
System memory in use after: 145.8 MB.

Unloading 14 unused Assets to reduce memory usage. Loaded Objects now: 3685.
Total: 3.065100 ms (FindLiveObjects: 0.315100 ms CreateObjectMapping: 0.177700 ms MarkObjects: 2.522300 ms  DeleteObjects: 0.048600 ms)

========================================================================
Received Import Request.
  Time since last request: 271.354094 seconds.
  path: Assets/Data/UI/Sprites/UI/Player 3 Icon.PNG
  artifactKey: Guid(91c38fd368babce4bbd54bd92725b9db) Importer(815301076,1909f56bfc062723c751e8b465ee728b)
Start importing Assets/Data/UI/Sprites/UI/Player 3 Icon.PNG using Guid(91c38fd368babce4bbd54bd92725b9db) Importer(815301076,1909f56bfc062723c751e8b465ee728b)  -> (artifact id: 'd15dc623477d77b64b442991bff75693') in 0.079917 seconds
  Import took 0.087810 seconds .

========================================================================
Received Import Request.
  Time since last request: 4.032460 seconds.
  path: Assets/Data/UI/Sprites/UI/Player 3 Icon.PNG
  artifactKey: Guid(91c38fd368babce4bbd54bd92725b9db) Importer(815301076,1909f56bfc062723c751e8b465ee728b)
Start importing Assets/Data/UI/Sprites/UI/Player 3 Icon.PNG using Guid(91c38fd368babce4bbd54bd92725b9db) Importer(815301076,1909f56bfc062723c751e8b465ee728b)  -> (artifact id: '34017be8f440a03248d31f8f594117a1') in 0.038419 seconds
  Import took 0.046873 seconds .

========================================================================
Received Import Request.
  Time since last request: 122.054513 seconds.
  path: Assets/Data/UI/Sprites/UI/Player 4 Icon.PNG
  artifactKey: Guid(63f4f3f74e73efa4aac38bb3c453419f) Importer(815301076,1909f56bfc062723c751e8b465ee728b)
Start importing Assets/Data/UI/Sprites/UI/Player 4 Icon.PNG using Guid(63f4f3f74e73efa4aac38bb3c453419f) Importer(815301076,1909f56bfc062723c751e8b465ee728b)  -> (artifact id: 'f79ebdba824330b9e443a1f25adc08a3') in 0.016688 seconds
  Import took 0.023917 seconds .

========================================================================
Received Import Request.
  Time since last request: 5.464378 seconds.
  path: Assets/Data/UI/Sprites/UI/Player 4 Icon.PNG
  artifactKey: Guid(63f4f3f74e73efa4aac38bb3c453419f) Importer(815301076,1909f56bfc062723c751e8b465ee728b)
Start importing Assets/Data/UI/Sprites/UI/Player 4 Icon.PNG using Guid(63f4f3f74e73efa4aac38bb3c453419f) Importer(815301076,1909f56bfc062723c751e8b465ee728b)  -> (artifact id: '3776744304b86567841b516328b4f3d5') in 0.018779 seconds
  Import took 0.025277 seconds .

========================================================================
Received Prepare
Registering precompiled user dll's ...
Registered in 0.010978 seconds.
Begin MonoManager ReloadAssembly
Native extension for WindowsStandalone target not found
Refreshing native plugins compatible for Editor in 2.80 ms, found 2 plugins.
Preloading 0 native plugins for Editor in 0.00 ms.
Mono: successfully reloaded assembly
- Completed reload, in  1.563 seconds
Platform modules already initialized, skipping
Shader 'Universal Render Pipeline/Particles/Lit': fallback shader 'Universal Render Pipeline/Particles/SimpleLit' not found
Refreshing native plugins compatible for Editor in 2.08 ms, found 2 plugins.
Preloading 0 native plugins for Editor in 0.00 ms.
Unloading 3112 Unused Serialized files (Serialized files now loaded: 0)
System memory in use before: 145.7 MB.
System memory in use after: 145.9 MB.

Unloading 14 unused Assets to reduce memory usage. Loaded Objects now: 3691.
Total: 3.181500 ms (FindLiveObjects: 0.389100 ms CreateObjectMapping: 0.153300 ms MarkObjects: 2.599200 ms  DeleteObjects: 0.038900 ms)

========================================================================
Received Prepare
Registering precompiled user dll's ...
Registered in 0.014835 seconds.
Begin MonoManager ReloadAssembly
Native extension for WindowsStandalone target not found
Refreshing native plugins compatible for Editor in 1.94 ms, found 2 plugins.
Preloading 0 native plugins for Editor in 0.00 ms.
Mono: successfully reloaded assembly
- Completed reload, in  1.622 seconds
Platform modules already initialized, skipping
Shader 'Universal Render Pipeline/Particles/Lit': fallback shader 'Universal Render Pipeline/Particles/SimpleLit' not found
Refreshing native plugins compatible for Editor in 2.72 ms, found 2 plugins.
Preloading 0 native plugins for Editor in 0.00 ms.
Unloading 3112 Unused Serialized files (Serialized files now loaded: 0)
System memory in use before: 145.7 MB.
System memory in use after: 145.9 MB.

Unloading 14 unused Assets to reduce memory usage. Loaded Objects now: 3694.
Total: 3.933000 ms (FindLiveObjects: 0.415100 ms CreateObjectMapping: 0.154600 ms MarkObjects: 3.311600 ms  DeleteObjects: 0.050700 ms)

========================================================================
Received Prepare
Registering precompiled user dll's ...
Registered in 0.015481 seconds.
Begin MonoManager ReloadAssembly
Native extension for WindowsStandalone target not found
Refreshing native plugins compatible for Editor in 3.47 ms, found 2 plugins.
Preloading 0 native plugins for Editor in 0.00 ms.
Mono: successfully reloaded assembly
- Completed reload, in  1.819 seconds
Platform modules already initialized, skipping
Shader 'Universal Render Pipeline/Particles/Lit': fallback shader 'Universal Render Pipeline/Particles/SimpleLit' not found
Refreshing native plugins compatible for Editor in 2.48 ms, found 2 plugins.
Preloading 0 native plugins for Editor in 0.00 ms.
Unloading 3112 Unused Serialized files (Serialized files now loaded: 0)
System memory in use before: 145.7 MB.
System memory in use after: 146.0 MB.

Unloading 14 unused Assets to reduce memory usage. Loaded Objects now: 3697.
Total: 7.289000 ms (FindLiveObjects: 0.550500 ms CreateObjectMapping: 0.267600 ms MarkObjects: 6.423000 ms  DeleteObjects: 0.045400 ms)

========================================================================
Received Prepare
Registering precompiled user dll's ...
Registered in 0.012006 seconds.
Begin MonoManager ReloadAssembly
Native extension for WindowsStandalone target not found
Refreshing native plugins compatible for Editor in 2.48 ms, found 2 plugins.
Preloading 0 native plugins for Editor in 0.00 ms.
Mono: successfully reloaded assembly
- Completed reload, in  1.573 seconds
Platform modules already initialized, skipping
Shader 'Universal Render Pipeline/Particles/Lit': fallback shader 'Universal Render Pipeline/Particles/SimpleLit' not found
Refreshing native plugins compatible for Editor in 2.03 ms, found 2 plugins.
Preloading 0 native plugins for Editor in 0.00 ms.
Unloading 3112 Unused Serialized files (Serialized files now loaded: 0)
System memory in use before: 145.7 MB.
System memory in use after: 146.0 MB.

Unloading 14 unused Assets to reduce memory usage. Loaded Objects now: 3700.
Total: 3.099100 ms (FindLiveObjects: 0.403600 ms CreateObjectMapping: 0.196500 ms MarkObjects: 2.476700 ms  DeleteObjects: 0.021400 ms)

========================================================================
Received Import Request.
  Time since last request: 980.020804 seconds.
  path: Assets/Data/Scriptable Objects/Spells/Nature's Arrow.asset
  artifactKey: Guid(3b7d9cb426ad91c4b9989a8233ad03c9) Importer(815301076,1909f56bfc062723c751e8b465ee728b)
Start importing Assets/Data/Scriptable Objects/Spells/Nature's Arrow.asset using Guid(3b7d9cb426ad91c4b9989a8233ad03c9) Importer(815301076,1909f56bfc062723c751e8b465ee728b)  -> (artifact id: '8a922fbd4b43f6683e7491079657ae27') in 0.380517 seconds
  Import took 0.430894 seconds .

========================================================================
Received Prepare
Registering precompiled user dll's ...
Registered in 0.015443 seconds.
Begin MonoManager ReloadAssembly
Native extension for WindowsStandalone target not found
Refreshing native plugins compatible for Editor in 2.08 ms, found 2 plugins.
Preloading 0 native plugins for Editor in 0.00 ms.
Mono: successfully reloaded assembly
- Completed reload, in  1.614 seconds
Platform modules already initialized, skipping
Shader 'Universal Render Pipeline/Particles/Lit': fallback shader 'Universal Render Pipeline/Particles/SimpleLit' not found
Refreshing native plugins compatible for Editor in 1.84 ms, found 2 plugins.
Preloading 0 native plugins for Editor in 0.00 ms.
Unloading 3112 Unused Serialized files (Serialized files now loaded: 0)
System memory in use before: 145.8 MB.
System memory in use after: 146.1 MB.

Unloading 15 unused Assets to reduce memory usage. Loaded Objects now: 3704.
Total: 4.728500 ms (FindLiveObjects: 0.366000 ms CreateObjectMapping: 0.167700 ms MarkObjects: 4.093100 ms  DeleteObjects: 0.100100 ms)

========================================================================
Received Prepare
Registering precompiled user dll's ...
Registered in 0.010455 seconds.
Begin MonoManager ReloadAssembly
Native extension for WindowsStandalone target not found
Refreshing native plugins compatible for Editor in 2.37 ms, found 2 plugins.
Preloading 0 native plugins for Editor in 0.00 ms.
Mono: successfully reloaded assembly
- Completed reload, in  1.821 seconds
Platform modules already initialized, skipping
Shader 'Universal Render Pipeline/Particles/Lit': fallback shader 'Universal Render Pipeline/Particles/SimpleLit' not found
Refreshing native plugins compatible for Editor in 2.77 ms, found 2 plugins.
Preloading 0 native plugins for Editor in 0.00 ms.
Unloading 3112 Unused Serialized files (Serialized files now loaded: 0)
System memory in use before: 145.8 MB.
System memory in use after: 146.1 MB.

Unloading 14 unused Assets to reduce memory usage. Loaded Objects now: 3707.
Total: 3.363600 ms (FindLiveObjects: 0.322400 ms CreateObjectMapping: 0.226900 ms MarkObjects: 2.771200 ms  DeleteObjects: 0.041900 ms)

========================================================================
Received Prepare
Registering precompiled user dll's ...
Registered in 0.011462 seconds.
Begin MonoManager ReloadAssembly
Native extension for WindowsStandalone target not found
Refreshing native plugins compatible for Editor in 2.76 ms, found 2 plugins.
Preloading 0 native plugins for Editor in 0.00 ms.
Mono: successfully reloaded assembly
- Completed reload, in  1.540 seconds
Platform modules already initialized, skipping
Shader 'Universal Render Pipeline/Particles/Lit': fallback shader 'Universal Render Pipeline/Particles/SimpleLit' not found
Refreshing native plugins compatible for Editor in 2.55 ms, found 2 plugins.
Preloading 0 native plugins for Editor in 0.00 ms.
Unloading 3112 Unused Serialized files (Serialized files now loaded: 0)
System memory in use before: 145.8 MB.
System memory in use after: 146.1 MB.

Unloading 14 unused Assets to reduce memory usage. Loaded Objects now: 3710.
Total: 3.060800 ms (FindLiveObjects: 0.327100 ms CreateObjectMapping: 0.177100 ms MarkObjects: 2.534900 ms  DeleteObjects: 0.021000 ms)

========================================================================
Received Prepare
Registering precompiled user dll's ...
Registered in 0.010951 seconds.
Begin MonoManager ReloadAssembly
Native extension for WindowsStandalone target not found
Refreshing native plugins compatible for Editor in 2.12 ms, found 2 plugins.
Preloading 0 native plugins for Editor in 0.00 ms.
Mono: successfully reloaded assembly
- Completed reload, in  1.538 seconds
Platform modules already initialized, skipping
Shader 'Universal Render Pipeline/Particles/Lit': fallback shader 'Universal Render Pipeline/Particles/SimpleLit' not found
Refreshing native plugins compatible for Editor in 3.05 ms, found 2 plugins.
Preloading 0 native plugins for Editor in 0.00 ms.
Unloading 3112 Unused Serialized files (Serialized files now loaded: 0)
System memory in use before: 145.8 MB.
System memory in use after: 146.1 MB.

Unloading 14 unused Assets to reduce memory usage. Loaded Objects now: 3713.
Total: 5.060400 ms (FindLiveObjects: 0.564000 ms CreateObjectMapping: 0.333900 ms MarkObjects: 4.029800 ms  DeleteObjects: 0.130900 ms)

========================================================================
Received Prepare
Registering precompiled user dll's ...
Registered in 0.013069 seconds.
Begin MonoManager ReloadAssembly
Native extension for WindowsStandalone target not found
Refreshing native plugins compatible for Editor in 3.14 ms, found 2 plugins.
Preloading 0 native plugins for Editor in 0.00 ms.
Mono: successfully reloaded assembly
- Completed reload, in  1.544 seconds
Platform modules already initialized, skipping
Shader 'Universal Render Pipeline/Particles/Lit': fallback shader 'Universal Render Pipeline/Particles/SimpleLit' not found
Refreshing native plugins compatible for Editor in 1.94 ms, found 2 plugins.
Preloading 0 native plugins for Editor in 0.00 ms.
Unloading 3112 Unused Serialized files (Serialized files now loaded: 0)
System memory in use before: 145.8 MB.
System memory in use after: 146.1 MB.

Unloading 14 unused Assets to reduce memory usage. Loaded Objects now: 3716.
Total: 3.524400 ms (FindLiveObjects: 0.374700 ms CreateObjectMapping: 0.223500 ms MarkObjects: 2.884100 ms  DeleteObjects: 0.040700 ms)

========================================================================
Received Prepare
Registering precompiled user dll's ...
Registered in 0.012010 seconds.
Begin MonoManager ReloadAssembly
Native extension for WindowsStandalone target not found
Refreshing native plugins compatible for Editor in 2.02 ms, found 2 plugins.
Preloading 0 native plugins for Editor in 0.00 ms.
Mono: successfully reloaded assembly
- Completed reload, in  1.635 seconds
Platform modules already initialized, skipping
Shader 'Universal Render Pipeline/Particles/Lit': fallback shader 'Universal Render Pipeline/Particles/SimpleLit' not found
Refreshing native plugins compatible for Editor in 2.48 ms, found 2 plugins.
Preloading 0 native plugins for Editor in 0.00 ms.
Unloading 3112 Unused Serialized files (Serialized files now loaded: 0)
System memory in use before: 145.8 MB.
System memory in use after: 146.1 MB.

Unloading 14 unused Assets to reduce memory usage. Loaded Objects now: 3719.
Total: 3.485900 ms (FindLiveObjects: 0.374800 ms CreateObjectMapping: 0.180000 ms MarkObjects: 2.907700 ms  DeleteObjects: 0.022200 ms)

AssetImportWorkerClient::OnTransportError - code=2 error=End of file
