Using pre-set license
Built from '2020.3/staging' branch; Version is '2020.3.11f1 (99c7afb366b3) revision 10078127'; Using compiler version '192528614'; Build Type 'Release'
OS: 'Windows 10 Home; OS build 19043.1110; Version 2009; 64bit' Language: 'en' Physical Memory: 16319 MB
BatchMode: 1, IsHumanControllingUs: 0, StartBugReporterOnCrash: 0, Is64bit: 1, IsPro: 0

 COMMAND LINE ARGUMENTS:
D:\Unity\Editor\Unity.exe
-adb2
-batchMode
-noUpm
-name
AssetImportWorker1
-projectPath
D:/Manikandan/Documents/Repositories/Potion-Panic/Potion Panic
-logFile
Logs/AssetImportWorker1.log
-srvPort
54345
Successfully changed project path to: D:/Manikandan/Documents/Repositories/Potion-Panic/Potion Panic
D:/Manikandan/Documents/Repositories/Potion-Panic/Potion Panic
Using Asset Import Pipeline V2.
Refreshing native plugins compatible for Editor in 209.13 ms, found 2 plugins.
Preloading 0 native plugins for Editor in 0.00 ms.
Initialize engine version: 2020.3.11f1 (99c7afb366b3)
[Subsystems] Discovering subsystems at path D:/Unity/Editor/Data/Resources/UnitySubsystems
[Subsystems] Discovering subsystems at path D:/Manikandan/Documents/Repositories/Potion-Panic/Potion Panic/Assets
GfxDevice: creating device client; threaded=0
Direct3D:
    Version:  Direct3D 11.0 [level 11.1]
    Renderer: NVIDIA GeForce GTX 1060 (ID=0x1c60)
    Vendor:   
    VRAM:     6052 MB
    Driver:   27.21.14.6172
Shader 'Universal Render Pipeline/Particles/Lit': fallback shader 'Universal Render Pipeline/Particles/SimpleLit' not found
Initialize mono
Mono path[0] = 'D:/Unity/Editor/Data/Managed'
Mono path[1] = 'D:/Unity/Editor/Data/MonoBleedingEdge/lib/mono/unityjit'
Mono config path = 'D:/Unity/Editor/Data/MonoBleedingEdge/etc'
Using monoOptions --debugger-agent=transport=dt_socket,embedding=1,server=y,suspend=n,address=127.0.0.1:56772
Begin MonoManager ReloadAssembly
Registering precompiled unity dll's ...
Register platform support module: D:/Unity/Editor/Data/PlaybackEngines/WindowsStandaloneSupport/UnityEditor.WindowsStandalone.Extensions.dll
Registered in 0.005268 seconds.
Native extension for WindowsStandalone target not found
Refreshing native plugins compatible for Editor in 195.25 ms, found 2 plugins.
Preloading 0 native plugins for Editor in 0.00 ms.
Mono: successfully reloaded assembly
- Completed reload, in  1.824 seconds
Platform modules already initialized, skipping
Registering precompiled user dll's ...
Registered in 0.015997 seconds.
Begin MonoManager ReloadAssembly
Native extension for WindowsStandalone target not found
Refreshing native plugins compatible for Editor in 205.22 ms, found 2 plugins.
Preloading 0 native plugins for Editor in 0.00 ms.
Mono: successfully reloaded assembly
- Completed reload, in  1.802 seconds
Platform modules already initialized, skipping
========================================================================
Worker process is ready to serve import requests
Shader 'Universal Render Pipeline/Particles/Lit': fallback shader 'Universal Render Pipeline/Particles/SimpleLit' not found
Launched and connected shader compiler UnityShaderCompiler.exe after 0.12 seconds
Refreshing native plugins compatible for Editor in 2.09 ms, found 2 plugins.
Preloading 0 native plugins for Editor in 0.00 ms.
Unloading 2699 Unused Serialized files (Serialized files now loaded: 0)
System memory in use before: 132.4 MB.
System memory in use after: 132.5 MB.

Unloading 19 unused Assets to reduce memory usage. Loaded Objects now: 3136.
Total: 3.162500 ms (FindLiveObjects: 0.359700 ms CreateObjectMapping: 0.176400 ms MarkObjects: 2.540400 ms  DeleteObjects: 0.084600 ms)

========================================================================
Received Import Request.
  path: Assets/Code/Gameplay/Spells Related/Spell_SO.cs
  artifactKey: Guid(75f2f35a80cb5434a9f749215b43c618) Importer(815301076,1909f56bfc062723c751e8b465ee728b)
Start importing Assets/Code/Gameplay/Spells Related/Spell_SO.cs using Guid(75f2f35a80cb5434a9f749215b43c618) Importer(815301076,1909f56bfc062723c751e8b465ee728b)  -> (artifact id: '0f2047a5f066b19980ea27cbefc237fb') in 0.125943 seconds
  Import took 0.135368 seconds .

========================================================================
Received Prepare
Registering precompiled user dll's ...
Registered in 0.010249 seconds.
Begin MonoManager ReloadAssembly
Native extension for WindowsStandalone target not found
Refreshing native plugins compatible for Editor in 1.89 ms, found 2 plugins.
Preloading 0 native plugins for Editor in 0.00 ms.
Mono: successfully reloaded assembly
- Completed reload, in  1.413 seconds
Platform modules already initialized, skipping
Shader 'Universal Render Pipeline/Particles/Lit': fallback shader 'Universal Render Pipeline/Particles/SimpleLit' not found
Refreshing native plugins compatible for Editor in 1.87 ms, found 2 plugins.
Preloading 0 native plugins for Editor in 0.00 ms.
Unloading 2590 Unused Serialized files (Serialized files now loaded: 0)
System memory in use before: 125.3 MB.
System memory in use after: 125.6 MB.

Unloading 14 unused Assets to reduce memory usage. Loaded Objects now: 3139.
Total: 3.055400 ms (FindLiveObjects: 0.340400 ms CreateObjectMapping: 0.121100 ms MarkObjects: 2.535400 ms  DeleteObjects: 0.057500 ms)

========================================================================
Received Import Request.
  Time since last request: 146.980614 seconds.
  path: Assets/Code/Gameplay/Spells Related/Spell_SO.cs
  artifactKey: Guid(75f2f35a80cb5434a9f749215b43c618) Importer(815301076,1909f56bfc062723c751e8b465ee728b)
Start importing Assets/Code/Gameplay/Spells Related/Spell_SO.cs using Guid(75f2f35a80cb5434a9f749215b43c618) Importer(815301076,1909f56bfc062723c751e8b465ee728b)  -> (artifact id: '7a908572e60e771a3785d95e06353ee0') in 0.007764 seconds
  Import took 0.015018 seconds .

========================================================================
Received Import Request.
  Time since last request: 114.556215 seconds.
  path: Assets/Data/Prefabs/MOCK
  artifactKey: Guid(60477301075d3f545b5ede41b9ac8247) Importer(815301076,1909f56bfc062723c751e8b465ee728b)
Start importing Assets/Data/Prefabs/MOCK using Guid(60477301075d3f545b5ede41b9ac8247) Importer(815301076,1909f56bfc062723c751e8b465ee728b)  -> (artifact id: 'a7d8994e71388366915e25b9a849c216') in 0.009915 seconds
  Import took 0.017535 seconds .

========================================================================
Received Import Request.
  Time since last request: 8.477060 seconds.
  path: Assets/Data/Prefabs/Mani Prefabs
  artifactKey: Guid(60477301075d3f545b5ede41b9ac8247) Importer(815301076,1909f56bfc062723c751e8b465ee728b)
Start importing Assets/Data/Prefabs/Mani Prefabs using Guid(60477301075d3f545b5ede41b9ac8247) Importer(815301076,1909f56bfc062723c751e8b465ee728b)  -> (artifact id: '2eabdb34ec2e8c6cbb74fb6ff3d8dbea') in 0.011203 seconds
  Import took 0.019064 seconds .

========================================================================
Received Import Request.
  Time since last request: 5.012372 seconds.
  path: Assets/Data/Prefabs/Mani Prefabs/Nature's Arrow Pool.prefab
  artifactKey: Guid(a7617e719078d864089be66f52b68bec) Importer(815301076,1909f56bfc062723c751e8b465ee728b)
Start importing Assets/Data/Prefabs/Mani Prefabs/Nature's Arrow Pool.prefab using Guid(a7617e719078d864089be66f52b68bec) Importer(815301076,1909f56bfc062723c751e8b465ee728b)  -> (artifact id: '9ecd24f9f9daf593d46af4d6da114c4b') in 0.075337 seconds
  Import took 0.083389 seconds .

========================================================================
Received Import Request.
  Time since last request: 74.583707 seconds.
  path: Assets/POTION PANIC/PREFABS/dragon scale 2 Variant.prefab
  artifactKey: Guid(4d6553c530b0cf44098e275a13a94824) Importer(815301076,1909f56bfc062723c751e8b465ee728b)
Start importing Assets/POTION PANIC/PREFABS/dragon scale 2 Variant.prefab using Guid(4d6553c530b0cf44098e275a13a94824) Importer(815301076,1909f56bfc062723c751e8b465ee728b)  -> (artifact id: '1e94d6b8e5da6530a17f37e3754de29f') in 0.358623 seconds
  Import took 0.365499 seconds .

========================================================================
Received Import Request.
  Time since last request: 0.000379 seconds.
  path: Assets/POTION PANIC/PREFABS/octopus tentacle Variant.prefab
  artifactKey: Guid(20ba33f72123581468539c5cd0c9761b) Importer(815301076,1909f56bfc062723c751e8b465ee728b)
Start importing Assets/POTION PANIC/PREFABS/octopus tentacle Variant.prefab using Guid(20ba33f72123581468539c5cd0c9761b) Importer(815301076,1909f56bfc062723c751e8b465ee728b)  -> (artifact id: 'd630c81e5474fc42a462051d33ef50cb') in 0.099664 seconds
  Import took 0.108871 seconds .

========================================================================
Received Import Request.
  Time since last request: 0.000400 seconds.
  path: Assets/POTION PANIC/PREFABS/saber tooth fang (1) Variant.prefab
  artifactKey: Guid(28ada53b6e9a2b44d9a262f8649e4087) Importer(815301076,1909f56bfc062723c751e8b465ee728b)
Start importing Assets/POTION PANIC/PREFABS/saber tooth fang (1) Variant.prefab using Guid(28ada53b6e9a2b44d9a262f8649e4087) Importer(815301076,1909f56bfc062723c751e8b465ee728b)  -> (artifact id: 'e84a26a15109af7b5674ae316834f05c') in 0.114654 seconds
  Import took 0.124018 seconds .

========================================================================
Received Import Request.
  Time since last request: 0.000477 seconds.
  path: Assets/POTION PANIC/PREFABS/lotus flower 1 Variant.prefab
  artifactKey: Guid(064aa48e53b16b645b8ab8224ba7d476) Importer(815301076,1909f56bfc062723c751e8b465ee728b)
Start importing Assets/POTION PANIC/PREFABS/lotus flower 1 Variant.prefab using Guid(064aa48e53b16b645b8ab8224ba7d476) Importer(815301076,1909f56bfc062723c751e8b465ee728b)  -> (artifact id: 'f37c0fe33e0746d2ed5336c90d409e5b') in 0.106143 seconds
  Import took 0.112367 seconds .

========================================================================
Received Import Request.
  Time since last request: 41.456364 seconds.
  path: Assets/POTION PANIC/PREFABS/crab claw (1) Variant.prefab
  artifactKey: Guid(9b4d1081b6f0f134189ea6cc449d978c) Importer(815301076,1909f56bfc062723c751e8b465ee728b)
Start importing Assets/POTION PANIC/PREFABS/crab claw (1) Variant.prefab using Guid(9b4d1081b6f0f134189ea6cc449d978c) Importer(815301076,1909f56bfc062723c751e8b465ee728b)  -> (artifact id: '0e675555d4d3b6601228b490089537a9') in 0.064444 seconds
  Import took 0.073844 seconds .

========================================================================
Received Import Request.
  Time since last request: 5.553432 seconds.
  path: Assets/POTION PANIC/PREFABS/crab claw (1) Variant.prefab
  artifactKey: Guid(9b4d1081b6f0f134189ea6cc449d978c) Importer(815301076,1909f56bfc062723c751e8b465ee728b)
Start importing Assets/POTION PANIC/PREFABS/crab claw (1) Variant.prefab using Guid(9b4d1081b6f0f134189ea6cc449d978c) Importer(815301076,1909f56bfc062723c751e8b465ee728b)  -> (artifact id: '92fe9103084d8da70e3df297a50d63f7') in 0.029222 seconds
  Import took 0.036227 seconds .

========================================================================
Received Import Request.
  Time since last request: 27.740244 seconds.
  path: Assets/POTION PANIC/PREFABS/crab claw (1) Variant.prefab
  artifactKey: Guid(9b4d1081b6f0f134189ea6cc449d978c) Importer(815301076,1909f56bfc062723c751e8b465ee728b)
Start importing Assets/POTION PANIC/PREFABS/crab claw (1) Variant.prefab using Guid(9b4d1081b6f0f134189ea6cc449d978c) Importer(815301076,1909f56bfc062723c751e8b465ee728b)  -> (artifact id: '6a39060dfe43459d2fb571e24ddc6a13') in 0.023545 seconds
  Import took 0.045009 seconds .

========================================================================
Received Import Request.
  Time since last request: 2.179911 seconds.
  path: Assets/POTION PANIC/PREFABS/crab claw (1) Variant.prefab
  artifactKey: Guid(9b4d1081b6f0f134189ea6cc449d978c) Importer(815301076,1909f56bfc062723c751e8b465ee728b)
Start importing Assets/POTION PANIC/PREFABS/crab claw (1) Variant.prefab using Guid(9b4d1081b6f0f134189ea6cc449d978c) Importer(815301076,1909f56bfc062723c751e8b465ee728b)  -> (artifact id: '803d83ce43b00e5e3bcd44ed4da527bf') in 0.026541 seconds
  Import took 0.036125 seconds .

========================================================================
Received Import Request.
  Time since last request: 5.052818 seconds.
  path: Assets/POTION PANIC/PREFABS/crab claw (1) Variant.prefab
  artifactKey: Guid(9b4d1081b6f0f134189ea6cc449d978c) Importer(815301076,1909f56bfc062723c751e8b465ee728b)
Start importing Assets/POTION PANIC/PREFABS/crab claw (1) Variant.prefab using Guid(9b4d1081b6f0f134189ea6cc449d978c) Importer(815301076,1909f56bfc062723c751e8b465ee728b)  -> (artifact id: '3a0bf0ad3ab7de646747c71f447ca14e') in 0.027041 seconds
  Import took 0.036745 seconds .

========================================================================
Received Import Request.
  Time since last request: 29.343940 seconds.
  path: Assets/POTION PANIC/PREFABS/crab claw (1) Variant.prefab
  artifactKey: Guid(9b4d1081b6f0f134189ea6cc449d978c) Importer(815301076,1909f56bfc062723c751e8b465ee728b)
Start importing Assets/POTION PANIC/PREFABS/crab claw (1) Variant.prefab using Guid(9b4d1081b6f0f134189ea6cc449d978c) Importer(815301076,1909f56bfc062723c751e8b465ee728b)  -> (artifact id: '96491b2982bc79985c1ba10be9f4019a') in 0.026874 seconds
  Import took 0.033396 seconds .

========================================================================
Received Import Request.
  Time since last request: 16.154112 seconds.
  path: Assets/POTION PANIC/PREFABS/crab claw (1) Variant.prefab
  artifactKey: Guid(9b4d1081b6f0f134189ea6cc449d978c) Importer(815301076,1909f56bfc062723c751e8b465ee728b)
Start importing Assets/POTION PANIC/PREFABS/crab claw (1) Variant.prefab using Guid(9b4d1081b6f0f134189ea6cc449d978c) Importer(815301076,1909f56bfc062723c751e8b465ee728b)  -> (artifact id: 'db0a1989a6fbf7cf79b4898e216aca3f') in 0.028441 seconds
  Import took 0.040299 seconds .

========================================================================
Received Import Request.
  Time since last request: 0.337811 seconds.
  path: Assets/POTION PANIC/PREFABS/crab claw (1) Variant.prefab
  artifactKey: Guid(9b4d1081b6f0f134189ea6cc449d978c) Importer(815301076,1909f56bfc062723c751e8b465ee728b)
Start importing Assets/POTION PANIC/PREFABS/crab claw (1) Variant.prefab using Guid(9b4d1081b6f0f134189ea6cc449d978c) Importer(815301076,1909f56bfc062723c751e8b465ee728b)  -> (artifact id: 'cb96d498a02cd17fb5fc367e96476365') in 0.038294 seconds
  Import took 0.048042 seconds .

========================================================================
Received Import Request.
  Time since last request: 29.104816 seconds.
  path: Assets/POTION PANIC/PREFABS/crab claw (1) Variant.prefab
  artifactKey: Guid(9b4d1081b6f0f134189ea6cc449d978c) Importer(815301076,1909f56bfc062723c751e8b465ee728b)
Start importing Assets/POTION PANIC/PREFABS/crab claw (1) Variant.prefab using Guid(9b4d1081b6f0f134189ea6cc449d978c) Importer(815301076,1909f56bfc062723c751e8b465ee728b)  -> (artifact id: '1a13b193e29c9f63afa2431453d8073d') in 0.029160 seconds
  Import took 0.036503 seconds .

========================================================================
Received Import Request.
  Time since last request: 69.799085 seconds.
  path: Assets/POTION PANIC/PREFABS/crab claw (1) Variant.prefab
  artifactKey: Guid(9b4d1081b6f0f134189ea6cc449d978c) Importer(815301076,1909f56bfc062723c751e8b465ee728b)
Start importing Assets/POTION PANIC/PREFABS/crab claw (1) Variant.prefab using Guid(9b4d1081b6f0f134189ea6cc449d978c) Importer(815301076,1909f56bfc062723c751e8b465ee728b)  -> (artifact id: 'd708586c36b459c1061a67f952578ea4') in 0.052273 seconds
  Import took 0.060989 seconds .

========================================================================
Received Import Request.
  Time since last request: 11.017250 seconds.
  path: Assets/POTION PANIC/PREFABS/crab claw (1) Variant.prefab
  artifactKey: Guid(9b4d1081b6f0f134189ea6cc449d978c) Importer(815301076,1909f56bfc062723c751e8b465ee728b)
Start importing Assets/POTION PANIC/PREFABS/crab claw (1) Variant.prefab using Guid(9b4d1081b6f0f134189ea6cc449d978c) Importer(815301076,1909f56bfc062723c751e8b465ee728b)  -> (artifact id: '3a5ec52894ea8879afd57e7a70106ab9') in 0.023623 seconds
  Import took 0.030424 seconds .

========================================================================
Received Import Request.
  Time since last request: 34.970898 seconds.
  path: Assets/POTION PANIC/PREFABS/root Variant.prefab
  artifactKey: Guid(d48e68b305d56ad409ae09bf976293ef) Importer(815301076,1909f56bfc062723c751e8b465ee728b)
Start importing Assets/POTION PANIC/PREFABS/root Variant.prefab using Guid(d48e68b305d56ad409ae09bf976293ef) Importer(815301076,1909f56bfc062723c751e8b465ee728b)  -> (artifact id: '8bedc8b61d5c1b836e3da032ca6f9f71') in 0.064619 seconds
  Import took 0.072945 seconds .

========================================================================
Received Import Request.
  Time since last request: 9.177639 seconds.
  path: Assets/POTION PANIC/PREFABS/root Variant.prefab
  artifactKey: Guid(d48e68b305d56ad409ae09bf976293ef) Importer(815301076,1909f56bfc062723c751e8b465ee728b)
Start importing Assets/POTION PANIC/PREFABS/root Variant.prefab using Guid(d48e68b305d56ad409ae09bf976293ef) Importer(815301076,1909f56bfc062723c751e8b465ee728b)  -> (artifact id: '8c815383cc97c7f620aff7c58123c571') in 0.029588 seconds
  Import took 0.040484 seconds .

========================================================================
Received Import Request.
  Time since last request: 8.137655 seconds.
  path: Assets/POTION PANIC/PREFABS/root Variant.prefab
  artifactKey: Guid(d48e68b305d56ad409ae09bf976293ef) Importer(815301076,1909f56bfc062723c751e8b465ee728b)
Start importing Assets/POTION PANIC/PREFABS/root Variant.prefab using Guid(d48e68b305d56ad409ae09bf976293ef) Importer(815301076,1909f56bfc062723c751e8b465ee728b)  -> (artifact id: '4c2d2957571beeb0405a821dfd8307c7') in 0.029368 seconds
  Import took 0.036454 seconds .

========================================================================
Received Import Request.
  Time since last request: 2.608803 seconds.
  path: Assets/POTION PANIC/PREFABS/root Variant.prefab
  artifactKey: Guid(d48e68b305d56ad409ae09bf976293ef) Importer(815301076,1909f56bfc062723c751e8b465ee728b)
Start importing Assets/POTION PANIC/PREFABS/root Variant.prefab using Guid(d48e68b305d56ad409ae09bf976293ef) Importer(815301076,1909f56bfc062723c751e8b465ee728b)  -> (artifact id: 'fe71647c2951701f5d172a5126f36ace') in 0.028303 seconds
  Import took 0.035411 seconds .

========================================================================
Received Import Request.
  Time since last request: 9.893433 seconds.
  path: Assets/POTION PANIC/PREFABS/root Variant.prefab
  artifactKey: Guid(d48e68b305d56ad409ae09bf976293ef) Importer(815301076,1909f56bfc062723c751e8b465ee728b)
Start importing Assets/POTION PANIC/PREFABS/root Variant.prefab using Guid(d48e68b305d56ad409ae09bf976293ef) Importer(815301076,1909f56bfc062723c751e8b465ee728b)  -> (artifact id: '77321f44e83b2b408ea0024438d7286a') in 0.031995 seconds
  Import took 0.040840 seconds .

========================================================================
Received Import Request.
  Time since last request: 3.434969 seconds.
  path: Assets/POTION PANIC/PREFABS/root Variant.prefab
  artifactKey: Guid(d48e68b305d56ad409ae09bf976293ef) Importer(815301076,1909f56bfc062723c751e8b465ee728b)
Start importing Assets/POTION PANIC/PREFABS/root Variant.prefab using Guid(d48e68b305d56ad409ae09bf976293ef) Importer(815301076,1909f56bfc062723c751e8b465ee728b)  -> (artifact id: 'c9c1fcd1c90d0a6aaaaee88400a15d2f') in 0.026513 seconds
  Import took 0.033442 seconds .

========================================================================
Received Import Request.
  Time since last request: 10.864158 seconds.
  path: Assets/POTION PANIC/PREFABS/root Variant.prefab
  artifactKey: Guid(d48e68b305d56ad409ae09bf976293ef) Importer(815301076,1909f56bfc062723c751e8b465ee728b)
Start importing Assets/POTION PANIC/PREFABS/root Variant.prefab using Guid(d48e68b305d56ad409ae09bf976293ef) Importer(815301076,1909f56bfc062723c751e8b465ee728b)  -> (artifact id: 'f82644b99bf705b1eef7525a227eaaf6') in 0.036773 seconds
  Import took 0.044959 seconds .

========================================================================
Received Import Request.
  Time since last request: 6.925615 seconds.
  path: Assets/POTION PANIC/PREFABS/root Variant.prefab
  artifactKey: Guid(d48e68b305d56ad409ae09bf976293ef) Importer(815301076,1909f56bfc062723c751e8b465ee728b)
Start importing Assets/POTION PANIC/PREFABS/root Variant.prefab using Guid(d48e68b305d56ad409ae09bf976293ef) Importer(815301076,1909f56bfc062723c751e8b465ee728b)  -> (artifact id: 'b65313f6b1dbd98703fc77381759230c') in 0.030041 seconds
  Import took 0.039932 seconds .

========================================================================
Received Import Request.
  Time since last request: 13.793741 seconds.
  path: Assets/POTION PANIC/PREFABS/root Variant.prefab
  artifactKey: Guid(d48e68b305d56ad409ae09bf976293ef) Importer(815301076,1909f56bfc062723c751e8b465ee728b)
Start importing Assets/POTION PANIC/PREFABS/root Variant.prefab using Guid(d48e68b305d56ad409ae09bf976293ef) Importer(815301076,1909f56bfc062723c751e8b465ee728b)  -> (artifact id: '806c5c068c318be35eddf5c929472047') in 0.026825 seconds
  Import took 0.035983 seconds .

========================================================================
Received Import Request.
  Time since last request: 3.372012 seconds.
  path: Assets/POTION PANIC/PREFABS/root Variant.prefab
  artifactKey: Guid(d48e68b305d56ad409ae09bf976293ef) Importer(815301076,1909f56bfc062723c751e8b465ee728b)
Start importing Assets/POTION PANIC/PREFABS/root Variant.prefab using Guid(d48e68b305d56ad409ae09bf976293ef) Importer(815301076,1909f56bfc062723c751e8b465ee728b)  -> (artifact id: 'a01171b354b1b9eba55d4665011c0018') in 0.027877 seconds
  Import took 0.035631 seconds .

========================================================================
Received Import Request.
  Time since last request: 3.797794 seconds.
  path: Assets/POTION PANIC/PREFABS/root Variant.prefab
  artifactKey: Guid(d48e68b305d56ad409ae09bf976293ef) Importer(815301076,1909f56bfc062723c751e8b465ee728b)
Start importing Assets/POTION PANIC/PREFABS/root Variant.prefab using Guid(d48e68b305d56ad409ae09bf976293ef) Importer(815301076,1909f56bfc062723c751e8b465ee728b)  -> (artifact id: '53c7053d655b5a3aa7a7a30d67c003d2') in 0.028352 seconds
  Import took 0.036250 seconds .

========================================================================
Received Import Request.
  Time since last request: 1.160765 seconds.
  path: Assets/POTION PANIC/PREFABS/root Variant.prefab
  artifactKey: Guid(d48e68b305d56ad409ae09bf976293ef) Importer(815301076,1909f56bfc062723c751e8b465ee728b)
Start importing Assets/POTION PANIC/PREFABS/root Variant.prefab using Guid(d48e68b305d56ad409ae09bf976293ef) Importer(815301076,1909f56bfc062723c751e8b465ee728b)  -> (artifact id: 'd82b85414938a11effc71ba6b7cb0c70') in 0.029842 seconds
  Import took 0.036332 seconds .

========================================================================
Received Import Request.
  Time since last request: 2.639031 seconds.
  path: Assets/POTION PANIC/PREFABS/root Variant.prefab
  artifactKey: Guid(d48e68b305d56ad409ae09bf976293ef) Importer(815301076,1909f56bfc062723c751e8b465ee728b)
Start importing Assets/POTION PANIC/PREFABS/root Variant.prefab using Guid(d48e68b305d56ad409ae09bf976293ef) Importer(815301076,1909f56bfc062723c751e8b465ee728b)  -> (artifact id: '0cc01026d6b463b6b4becddb4a4c879b') in 0.025898 seconds
  Import took 0.033890 seconds .

========================================================================
Received Import Request.
  Time since last request: 5.501918 seconds.
  path: Assets/POTION PANIC/PREFABS/root Variant.prefab
  artifactKey: Guid(d48e68b305d56ad409ae09bf976293ef) Importer(815301076,1909f56bfc062723c751e8b465ee728b)
Start importing Assets/POTION PANIC/PREFABS/root Variant.prefab using Guid(d48e68b305d56ad409ae09bf976293ef) Importer(815301076,1909f56bfc062723c751e8b465ee728b)  -> (artifact id: 'fd5ea0e84db5929b7e5384fb1def82cf') in 0.031413 seconds
  Import took 0.041967 seconds .

========================================================================
Received Import Request.
  Time since last request: 2.430576 seconds.
  path: Assets/POTION PANIC/PREFABS/root Variant.prefab
  artifactKey: Guid(d48e68b305d56ad409ae09bf976293ef) Importer(815301076,1909f56bfc062723c751e8b465ee728b)
Start importing Assets/POTION PANIC/PREFABS/root Variant.prefab using Guid(d48e68b305d56ad409ae09bf976293ef) Importer(815301076,1909f56bfc062723c751e8b465ee728b)  -> (artifact id: 'aa4c0954b37798b7ceb2fcdb92628190') in 0.030536 seconds
  Import took 0.037988 seconds .

========================================================================
Received Import Request.
  Time since last request: 4.634105 seconds.
  path: Assets/POTION PANIC/PREFABS/root Variant.prefab
  artifactKey: Guid(d48e68b305d56ad409ae09bf976293ef) Importer(815301076,1909f56bfc062723c751e8b465ee728b)
Start importing Assets/POTION PANIC/PREFABS/root Variant.prefab using Guid(d48e68b305d56ad409ae09bf976293ef) Importer(815301076,1909f56bfc062723c751e8b465ee728b)  -> (artifact id: '95cdca3642c3494eecbb7afaad9951b2') in 0.026339 seconds
  Import took 0.033862 seconds .

========================================================================
Received Import Request.
  Time since last request: 2.005203 seconds.
  path: Assets/POTION PANIC/PREFABS/root Variant.prefab
  artifactKey: Guid(d48e68b305d56ad409ae09bf976293ef) Importer(815301076,1909f56bfc062723c751e8b465ee728b)
Start importing Assets/POTION PANIC/PREFABS/root Variant.prefab using Guid(d48e68b305d56ad409ae09bf976293ef) Importer(815301076,1909f56bfc062723c751e8b465ee728b)  -> (artifact id: '0f74f3e278e7a464313760997bf5c581') in 0.030722 seconds
  Import took 0.038540 seconds .

========================================================================
Received Import Request.
  Time since last request: 2.005197 seconds.
  path: Assets/POTION PANIC/PREFABS/root Variant.prefab
  artifactKey: Guid(d48e68b305d56ad409ae09bf976293ef) Importer(815301076,1909f56bfc062723c751e8b465ee728b)
Start importing Assets/POTION PANIC/PREFABS/root Variant.prefab using Guid(d48e68b305d56ad409ae09bf976293ef) Importer(815301076,1909f56bfc062723c751e8b465ee728b)  -> (artifact id: 'ef99f2b7c705de44fc12a0da24ecac9d') in 0.025269 seconds
  Import took 0.033284 seconds .

========================================================================
Received Import Request.
  Time since last request: 4.259685 seconds.
  path: Assets/POTION PANIC/PREFABS/root Variant.prefab
  artifactKey: Guid(d48e68b305d56ad409ae09bf976293ef) Importer(815301076,1909f56bfc062723c751e8b465ee728b)
Start importing Assets/POTION PANIC/PREFABS/root Variant.prefab using Guid(d48e68b305d56ad409ae09bf976293ef) Importer(815301076,1909f56bfc062723c751e8b465ee728b)  -> (artifact id: 'd235cb96d6e775dfbc9ec64e448fd48c') in 0.028481 seconds
  Import took 0.035979 seconds .

========================================================================
Received Import Request.
  Time since last request: 15.813043 seconds.
  path: Assets/POTION PANIC/PREFABS/root Variant.prefab
  artifactKey: Guid(d48e68b305d56ad409ae09bf976293ef) Importer(815301076,1909f56bfc062723c751e8b465ee728b)
Start importing Assets/POTION PANIC/PREFABS/root Variant.prefab using Guid(d48e68b305d56ad409ae09bf976293ef) Importer(815301076,1909f56bfc062723c751e8b465ee728b)  -> (artifact id: '79620d3f800ca34be554c5d33a69e051') in 0.031300 seconds
  Import took 0.040258 seconds .

========================================================================
Received Import Request.
  Time since last request: 7.839250 seconds.
  path: Assets/POTION PANIC/PREFABS/root Variant.prefab
  artifactKey: Guid(d48e68b305d56ad409ae09bf976293ef) Importer(815301076,1909f56bfc062723c751e8b465ee728b)
Start importing Assets/POTION PANIC/PREFABS/root Variant.prefab using Guid(d48e68b305d56ad409ae09bf976293ef) Importer(815301076,1909f56bfc062723c751e8b465ee728b)  -> (artifact id: '71f42165079b5173e5074a1d5004ccf8') in 0.026314 seconds
  Import took 0.035189 seconds .

========================================================================
Received Import Request.
  Time since last request: 2.180976 seconds.
  path: Assets/POTION PANIC/PREFABS/root Variant.prefab
  artifactKey: Guid(d48e68b305d56ad409ae09bf976293ef) Importer(815301076,1909f56bfc062723c751e8b465ee728b)
Start importing Assets/POTION PANIC/PREFABS/root Variant.prefab using Guid(d48e68b305d56ad409ae09bf976293ef) Importer(815301076,1909f56bfc062723c751e8b465ee728b)  -> (artifact id: '5377dd5aeee8a819c7c35cbed79782f6') in 0.029598 seconds
  Import took 0.036202 seconds .

========================================================================
Received Import Request.
  Time since last request: 16.839911 seconds.
  path: Assets/POTION PANIC/PREFABS/root Variant.prefab
  artifactKey: Guid(d48e68b305d56ad409ae09bf976293ef) Importer(815301076,1909f56bfc062723c751e8b465ee728b)
Start importing Assets/POTION PANIC/PREFABS/root Variant.prefab using Guid(d48e68b305d56ad409ae09bf976293ef) Importer(815301076,1909f56bfc062723c751e8b465ee728b)  -> (artifact id: 'ffbfab164fd12076f9775421c1488052') in 0.028952 seconds
  Import took 0.036725 seconds .

========================================================================
Received Import Request.
  Time since last request: 7.482881 seconds.
  path: Assets/POTION PANIC/PREFABS/root Variant.prefab
  artifactKey: Guid(d48e68b305d56ad409ae09bf976293ef) Importer(815301076,1909f56bfc062723c751e8b465ee728b)
Start importing Assets/POTION PANIC/PREFABS/root Variant.prefab using Guid(d48e68b305d56ad409ae09bf976293ef) Importer(815301076,1909f56bfc062723c751e8b465ee728b)  -> (artifact id: 'ca9b84b955f764345c636e017c92fedd') in 0.053728 seconds
  Import took 0.061077 seconds .

========================================================================
Received Import Request.
  Time since last request: 13.128995 seconds.
  path: Assets/POTION PANIC/PREFABS/root Variant.prefab
  artifactKey: Guid(d48e68b305d56ad409ae09bf976293ef) Importer(815301076,1909f56bfc062723c751e8b465ee728b)
Start importing Assets/POTION PANIC/PREFABS/root Variant.prefab using Guid(d48e68b305d56ad409ae09bf976293ef) Importer(815301076,1909f56bfc062723c751e8b465ee728b)  -> (artifact id: '3150184fdf77b48f81a16dc7ffaae1c7') in 0.027432 seconds
  Import took 0.036222 seconds .

========================================================================
Received Import Request.
  Time since last request: 6.644949 seconds.
  path: Assets/POTION PANIC/PREFABS/root Variant.prefab
  artifactKey: Guid(d48e68b305d56ad409ae09bf976293ef) Importer(815301076,1909f56bfc062723c751e8b465ee728b)
Start importing Assets/POTION PANIC/PREFABS/root Variant.prefab using Guid(d48e68b305d56ad409ae09bf976293ef) Importer(815301076,1909f56bfc062723c751e8b465ee728b)  -> (artifact id: '193dda79b9b317a173d216e5e72020cc') in 0.030704 seconds
  Import took 0.040003 seconds .

========================================================================
Received Import Request.
  Time since last request: 20.268394 seconds.
  path: Assets/POTION PANIC/PREFABS/root Variant.prefab
  artifactKey: Guid(d48e68b305d56ad409ae09bf976293ef) Importer(815301076,1909f56bfc062723c751e8b465ee728b)
Start importing Assets/POTION PANIC/PREFABS/root Variant.prefab using Guid(d48e68b305d56ad409ae09bf976293ef) Importer(815301076,1909f56bfc062723c751e8b465ee728b)  -> (artifact id: 'd0e8d1c6e45bd6a92886bca6f3323fd4') in 0.031457 seconds
  Import took 0.040551 seconds .

========================================================================
Received Import Request.
  Time since last request: 1.777598 seconds.
  path: Assets/POTION PANIC/PREFABS/root Variant.prefab
  artifactKey: Guid(d48e68b305d56ad409ae09bf976293ef) Importer(815301076,1909f56bfc062723c751e8b465ee728b)
Start importing Assets/POTION PANIC/PREFABS/root Variant.prefab using Guid(d48e68b305d56ad409ae09bf976293ef) Importer(815301076,1909f56bfc062723c751e8b465ee728b)  -> (artifact id: 'd7ba9d4ad3b4bcb89756ed6349c5dc07') in 0.027375 seconds
  Import took 0.035984 seconds .

========================================================================
Received Import Request.
  Time since last request: 8.919257 seconds.
  path: Assets/POTION PANIC/PREFABS/root Variant.prefab
  artifactKey: Guid(d48e68b305d56ad409ae09bf976293ef) Importer(815301076,1909f56bfc062723c751e8b465ee728b)
Start importing Assets/POTION PANIC/PREFABS/root Variant.prefab using Guid(d48e68b305d56ad409ae09bf976293ef) Importer(815301076,1909f56bfc062723c751e8b465ee728b)  -> (artifact id: '6f1b50dd94b60c547dda7f6f2fa6db75') in 0.029430 seconds
  Import took 0.037719 seconds .

========================================================================
Received Import Request.
  Time since last request: 0.974742 seconds.
  path: Assets/POTION PANIC/PREFABS/root Variant.prefab
  artifactKey: Guid(d48e68b305d56ad409ae09bf976293ef) Importer(815301076,1909f56bfc062723c751e8b465ee728b)
Start importing Assets/POTION PANIC/PREFABS/root Variant.prefab using Guid(d48e68b305d56ad409ae09bf976293ef) Importer(815301076,1909f56bfc062723c751e8b465ee728b)  -> (artifact id: '9cdf86e8eb6d602f0f3ffe377f72f571') in 0.026412 seconds
  Import took 0.033764 seconds .

========================================================================
Received Import Request.
  Time since last request: 3.025031 seconds.
  path: Assets/POTION PANIC/PREFABS/root Variant.prefab
  artifactKey: Guid(d48e68b305d56ad409ae09bf976293ef) Importer(815301076,1909f56bfc062723c751e8b465ee728b)
Start importing Assets/POTION PANIC/PREFABS/root Variant.prefab using Guid(d48e68b305d56ad409ae09bf976293ef) Importer(815301076,1909f56bfc062723c751e8b465ee728b)  -> (artifact id: 'e3c73058b7756267310421d9f2d002a2') in 0.029301 seconds
  Import took 0.038805 seconds .

========================================================================
Received Import Request.
  Time since last request: 4.828946 seconds.
  path: Assets/POTION PANIC/PREFABS/root Variant.prefab
  artifactKey: Guid(d48e68b305d56ad409ae09bf976293ef) Importer(815301076,1909f56bfc062723c751e8b465ee728b)
Start importing Assets/POTION PANIC/PREFABS/root Variant.prefab using Guid(d48e68b305d56ad409ae09bf976293ef) Importer(815301076,1909f56bfc062723c751e8b465ee728b)  -> (artifact id: '558f7de677b23d9f5e1839ffa8358b23') in 0.028387 seconds
  Import took 0.035736 seconds .

========================================================================
Received Import Request.
  Time since last request: 1.559194 seconds.
  path: Assets/POTION PANIC/PREFABS/root Variant.prefab
  artifactKey: Guid(d48e68b305d56ad409ae09bf976293ef) Importer(815301076,1909f56bfc062723c751e8b465ee728b)
Start importing Assets/POTION PANIC/PREFABS/root Variant.prefab using Guid(d48e68b305d56ad409ae09bf976293ef) Importer(815301076,1909f56bfc062723c751e8b465ee728b)  -> (artifact id: 'aad648702bbbbfc23d514855d1a7f9ee') in 0.026270 seconds
  Import took 0.033871 seconds .

========================================================================
Received Import Request.
  Time since last request: 21.699745 seconds.
  path: Assets/POTION PANIC/PREFABS/root Variant.prefab
  artifactKey: Guid(d48e68b305d56ad409ae09bf976293ef) Importer(815301076,1909f56bfc062723c751e8b465ee728b)
Start importing Assets/POTION PANIC/PREFABS/root Variant.prefab using Guid(d48e68b305d56ad409ae09bf976293ef) Importer(815301076,1909f56bfc062723c751e8b465ee728b)  -> (artifact id: 'a6a4dfa0f7e31e0630907635d6902ee4') in 0.047895 seconds
  Import took 0.054530 seconds .

========================================================================
Received Import Request.
  Time since last request: 34.002928 seconds.
  path: Assets/POTION PANIC/PREFABS/root Variant.prefab
  artifactKey: Guid(d48e68b305d56ad409ae09bf976293ef) Importer(815301076,1909f56bfc062723c751e8b465ee728b)
Start importing Assets/POTION PANIC/PREFABS/root Variant.prefab using Guid(d48e68b305d56ad409ae09bf976293ef) Importer(815301076,1909f56bfc062723c751e8b465ee728b)  -> (artifact id: '84be9a5f0bd2d20994eacd54cc55ebfa') in 0.049674 seconds
  Import took 0.076344 seconds .

========================================================================
Received Import Request.
  Time since last request: 5.321220 seconds.
  path: Assets/POTION PANIC/PREFABS/root Variant.prefab
  artifactKey: Guid(d48e68b305d56ad409ae09bf976293ef) Importer(815301076,1909f56bfc062723c751e8b465ee728b)
Start importing Assets/POTION PANIC/PREFABS/root Variant.prefab using Guid(d48e68b305d56ad409ae09bf976293ef) Importer(815301076,1909f56bfc062723c751e8b465ee728b)  -> (artifact id: 'acb1de35106a1c83246f7af6b9f6f34b') in 0.029539 seconds
  Import took 0.045387 seconds .

========================================================================
Received Import Request.
  Time since last request: 1.960124 seconds.
  path: Assets/POTION PANIC/PREFABS/root Variant.prefab
  artifactKey: Guid(d48e68b305d56ad409ae09bf976293ef) Importer(815301076,1909f56bfc062723c751e8b465ee728b)
Start importing Assets/POTION PANIC/PREFABS/root Variant.prefab using Guid(d48e68b305d56ad409ae09bf976293ef) Importer(815301076,1909f56bfc062723c751e8b465ee728b)  -> (artifact id: '9ed03725eb6e88cdebeadf8561ba80d4') in 0.028230 seconds
  Import took 0.034752 seconds .

========================================================================
Received Import Request.
  Time since last request: 3.213370 seconds.
  path: Assets/POTION PANIC/PREFABS/root Variant.prefab
  artifactKey: Guid(d48e68b305d56ad409ae09bf976293ef) Importer(815301076,1909f56bfc062723c751e8b465ee728b)
Start importing Assets/POTION PANIC/PREFABS/root Variant.prefab using Guid(d48e68b305d56ad409ae09bf976293ef) Importer(815301076,1909f56bfc062723c751e8b465ee728b)  -> (artifact id: '27472041de9400eb90f3cf73bd5a6344') in 0.030796 seconds
  Import took 0.038092 seconds .

========================================================================
Received Import Request.
  Time since last request: 2.864856 seconds.
  path: Assets/POTION PANIC/PREFABS/root Variant.prefab
  artifactKey: Guid(d48e68b305d56ad409ae09bf976293ef) Importer(815301076,1909f56bfc062723c751e8b465ee728b)
Start importing Assets/POTION PANIC/PREFABS/root Variant.prefab using Guid(d48e68b305d56ad409ae09bf976293ef) Importer(815301076,1909f56bfc062723c751e8b465ee728b)  -> (artifact id: '28edf99b86654514bb15f9dcf79d47df') in 0.028755 seconds
  Import took 0.037270 seconds .

========================================================================
Received Import Request.
  Time since last request: 3.216896 seconds.
  path: Assets/POTION PANIC/PREFABS/root Variant.prefab
  artifactKey: Guid(d48e68b305d56ad409ae09bf976293ef) Importer(815301076,1909f56bfc062723c751e8b465ee728b)
Start importing Assets/POTION PANIC/PREFABS/root Variant.prefab using Guid(d48e68b305d56ad409ae09bf976293ef) Importer(815301076,1909f56bfc062723c751e8b465ee728b)  -> (artifact id: '8b0db3f30d0e6f146b35c694f559b6d3') in 0.025518 seconds
  Import took 0.032871 seconds .

========================================================================
Received Import Request.
  Time since last request: 3.443463 seconds.
  path: Assets/POTION PANIC/PREFABS/root Variant.prefab
  artifactKey: Guid(d48e68b305d56ad409ae09bf976293ef) Importer(815301076,1909f56bfc062723c751e8b465ee728b)
Start importing Assets/POTION PANIC/PREFABS/root Variant.prefab using Guid(d48e68b305d56ad409ae09bf976293ef) Importer(815301076,1909f56bfc062723c751e8b465ee728b)  -> (artifact id: '4f8b165bacf0828ba0ad4edef1e5448f') in 0.033018 seconds
  Import took 0.042357 seconds .

========================================================================
Received Import Request.
  Time since last request: 7.273930 seconds.
  path: Assets/POTION PANIC/PREFABS/root Variant.prefab
  artifactKey: Guid(d48e68b305d56ad409ae09bf976293ef) Importer(815301076,1909f56bfc062723c751e8b465ee728b)
Start importing Assets/POTION PANIC/PREFABS/root Variant.prefab using Guid(d48e68b305d56ad409ae09bf976293ef) Importer(815301076,1909f56bfc062723c751e8b465ee728b)  -> (artifact id: '7023a10ebc56dfabece3aaea4f667b0d') in 0.025292 seconds
  Import took 0.032844 seconds .

========================================================================
Received Import Request.
  Time since last request: 2.207537 seconds.
  path: Assets/POTION PANIC/PREFABS/root Variant.prefab
  artifactKey: Guid(d48e68b305d56ad409ae09bf976293ef) Importer(815301076,1909f56bfc062723c751e8b465ee728b)
Start importing Assets/POTION PANIC/PREFABS/root Variant.prefab using Guid(d48e68b305d56ad409ae09bf976293ef) Importer(815301076,1909f56bfc062723c751e8b465ee728b)  -> (artifact id: '217f128ccdb3028b238f2d3144ca37df') in 0.027397 seconds
  Import took 0.035797 seconds .

========================================================================
Received Import Request.
  Time since last request: 1.364544 seconds.
  path: Assets/POTION PANIC/PREFABS/root Variant.prefab
  artifactKey: Guid(d48e68b305d56ad409ae09bf976293ef) Importer(815301076,1909f56bfc062723c751e8b465ee728b)
Start importing Assets/POTION PANIC/PREFABS/root Variant.prefab using Guid(d48e68b305d56ad409ae09bf976293ef) Importer(815301076,1909f56bfc062723c751e8b465ee728b)  -> (artifact id: '6aa715b9a8c057ca8cce2285ce598b51') in 0.027277 seconds
  Import took 0.036955 seconds .

========================================================================
Received Import Request.
  Time since last request: 0.366836 seconds.
  path: Assets/POTION PANIC/PREFABS/root Variant.prefab
  artifactKey: Guid(d48e68b305d56ad409ae09bf976293ef) Importer(815301076,1909f56bfc062723c751e8b465ee728b)
Start importing Assets/POTION PANIC/PREFABS/root Variant.prefab using Guid(d48e68b305d56ad409ae09bf976293ef) Importer(815301076,1909f56bfc062723c751e8b465ee728b)  -> (artifact id: '7c1dca84767130de01d3d2afd914e246') in 0.024950 seconds
  Import took 0.032296 seconds .

========================================================================
Received Import Request.
  Time since last request: 0.388284 seconds.
  path: Assets/POTION PANIC/PREFABS/root Variant.prefab
  artifactKey: Guid(d48e68b305d56ad409ae09bf976293ef) Importer(815301076,1909f56bfc062723c751e8b465ee728b)
Start importing Assets/POTION PANIC/PREFABS/root Variant.prefab using Guid(d48e68b305d56ad409ae09bf976293ef) Importer(815301076,1909f56bfc062723c751e8b465ee728b)  -> (artifact id: 'b70d1d65f45257b5e008902cbfe1d457') in 0.029822 seconds
  Import took 0.038009 seconds .

========================================================================
Received Prepare
Registering precompiled user dll's ...
Registered in 0.012411 seconds.
Begin MonoManager ReloadAssembly
Native extension for WindowsStandalone target not found
Refreshing native plugins compatible for Editor in 1.99 ms, found 2 plugins.
Preloading 0 native plugins for Editor in 0.00 ms.
Mono: successfully reloaded assembly
- Completed reload, in  1.495 seconds
Platform modules already initialized, skipping
Shader 'Universal Render Pipeline/Particles/Lit': fallback shader 'Universal Render Pipeline/Particles/SimpleLit' not found
Refreshing native plugins compatible for Editor in 1.87 ms, found 2 plugins.
Preloading 0 native plugins for Editor in 0.00 ms.
Unloading 2590 Unused Serialized files (Serialized files now loaded: 0)
System memory in use before: 130.9 MB.
System memory in use after: 131.2 MB.

Unloading 14 unused Assets to reduce memory usage. Loaded Objects now: 3188.
Total: 3.159600 ms (FindLiveObjects: 0.274800 ms CreateObjectMapping: 0.116100 ms MarkObjects: 2.737900 ms  DeleteObjects: 0.029900 ms)

========================================================================
Received Import Request.
  Time since last request: 69.190633 seconds.
  path: Assets/POTION PANIC/PREFABS/crab claw (1) Variant.prefab
  artifactKey: Guid(9b4d1081b6f0f134189ea6cc449d978c) Importer(815301076,1909f56bfc062723c751e8b465ee728b)
Start importing Assets/POTION PANIC/PREFABS/crab claw (1) Variant.prefab using Guid(9b4d1081b6f0f134189ea6cc449d978c) Importer(815301076,1909f56bfc062723c751e8b465ee728b)  -> (artifact id: 'dd33cd6fec1d106a1c0051a1e46f8fee') in 0.246989 seconds
  Import took 0.255293 seconds .

========================================================================
Received Import Request.
  Time since last request: 1.093138 seconds.
  path: Assets/POTION PANIC/PREFABS/root Variant.prefab
  artifactKey: Guid(d48e68b305d56ad409ae09bf976293ef) Importer(815301076,1909f56bfc062723c751e8b465ee728b)
Start importing Assets/POTION PANIC/PREFABS/root Variant.prefab using Guid(d48e68b305d56ad409ae09bf976293ef) Importer(815301076,1909f56bfc062723c751e8b465ee728b)  -> (artifact id: 'ccf2f59caa25c57e3896f3bd104d31fc') in 0.025054 seconds
  Import took 0.032399 seconds .

========================================================================
Received Prepare
Registering precompiled user dll's ...
Registered in 0.017432 seconds.
Begin MonoManager ReloadAssembly
Native extension for WindowsStandalone target not found
Refreshing native plugins compatible for Editor in 2.13 ms, found 2 plugins.
Preloading 0 native plugins for Editor in 0.00 ms.
Mono: successfully reloaded assembly
- Completed reload, in  1.635 seconds
Platform modules already initialized, skipping
Shader 'Universal Render Pipeline/Particles/Lit': fallback shader 'Universal Render Pipeline/Particles/SimpleLit' not found
Refreshing native plugins compatible for Editor in 3.34 ms, found 2 plugins.
Preloading 0 native plugins for Editor in 0.00 ms.
Unloading 2590 Unused Serialized files (Serialized files now loaded: 0)
System memory in use before: 131.1 MB.
System memory in use after: 131.3 MB.

Unloading 14 unused Assets to reduce memory usage. Loaded Objects now: 3227.
Total: 5.135700 ms (FindLiveObjects: 0.502200 ms CreateObjectMapping: 0.266400 ms MarkObjects: 4.294000 ms  DeleteObjects: 0.071100 ms)

========================================================================
Received Prepare
Registering precompiled user dll's ...
Registered in 0.010880 seconds.
Begin MonoManager ReloadAssembly
Native extension for WindowsStandalone target not found
Refreshing native plugins compatible for Editor in 1.75 ms, found 2 plugins.
Preloading 0 native plugins for Editor in 0.00 ms.
Mono: successfully reloaded assembly
- Completed reload, in  1.491 seconds
Platform modules already initialized, skipping
Shader 'Universal Render Pipeline/Particles/Lit': fallback shader 'Universal Render Pipeline/Particles/SimpleLit' not found
Refreshing native plugins compatible for Editor in 2.57 ms, found 2 plugins.
Preloading 0 native plugins for Editor in 0.00 ms.
Unloading 2590 Unused Serialized files (Serialized files now loaded: 0)
System memory in use before: 131.1 MB.
System memory in use after: 131.3 MB.

Unloading 14 unused Assets to reduce memory usage. Loaded Objects now: 3230.
Total: 3.236900 ms (FindLiveObjects: 0.286300 ms CreateObjectMapping: 0.103700 ms MarkObjects: 2.823000 ms  DeleteObjects: 0.022900 ms)

========================================================================
Received Prepare
Registering precompiled user dll's ...
Registered in 0.011678 seconds.
Begin MonoManager ReloadAssembly
Native extension for WindowsStandalone target not found
Refreshing native plugins compatible for Editor in 2.93 ms, found 2 plugins.
Preloading 0 native plugins for Editor in 0.00 ms.
Mono: successfully reloaded assembly
- Completed reload, in  1.493 seconds
Platform modules already initialized, skipping
Shader 'Universal Render Pipeline/Particles/Lit': fallback shader 'Universal Render Pipeline/Particles/SimpleLit' not found
Refreshing native plugins compatible for Editor in 2.43 ms, found 2 plugins.
Preloading 0 native plugins for Editor in 0.00 ms.
Unloading 2590 Unused Serialized files (Serialized files now loaded: 0)
System memory in use before: 131.1 MB.
System memory in use after: 131.3 MB.

Unloading 14 unused Assets to reduce memory usage. Loaded Objects now: 3233.
Total: 3.000100 ms (FindLiveObjects: 0.266800 ms CreateObjectMapping: 0.122200 ms MarkObjects: 2.588300 ms  DeleteObjects: 0.021700 ms)

========================================================================
Received Prepare
Registering precompiled user dll's ...
Registered in 0.011556 seconds.
Begin MonoManager ReloadAssembly
Native extension for WindowsStandalone target not found
Refreshing native plugins compatible for Editor in 2.14 ms, found 2 plugins.
Preloading 0 native plugins for Editor in 0.00 ms.
Mono: successfully reloaded assembly
- Completed reload, in  1.484 seconds
Platform modules already initialized, skipping
Shader 'Universal Render Pipeline/Particles/Lit': fallback shader 'Universal Render Pipeline/Particles/SimpleLit' not found
Refreshing native plugins compatible for Editor in 2.29 ms, found 2 plugins.
Preloading 0 native plugins for Editor in 0.00 ms.
Unloading 2590 Unused Serialized files (Serialized files now loaded: 0)
System memory in use before: 131.1 MB.
System memory in use after: 131.3 MB.

Unloading 14 unused Assets to reduce memory usage. Loaded Objects now: 3236.
Total: 3.168300 ms (FindLiveObjects: 0.282200 ms CreateObjectMapping: 0.130900 ms MarkObjects: 2.717200 ms  DeleteObjects: 0.036400 ms)

========================================================================
Received Import Request.
  Time since last request: 856.894239 seconds.
  path: Assets/Data/Scriptable Objects/Spells/Nature's Arrow.asset
  artifactKey: Guid(3b7d9cb426ad91c4b9989a8233ad03c9) Importer(815301076,1909f56bfc062723c751e8b465ee728b)
Start importing Assets/Data/Scriptable Objects/Spells/Nature's Arrow.asset using Guid(3b7d9cb426ad91c4b9989a8233ad03c9) Importer(815301076,1909f56bfc062723c751e8b465ee728b)  -> (artifact id: 'e47fae77400dec642e549eab1430a66d') in 0.174561 seconds
  Import took 0.181982 seconds .

========================================================================
Received Prepare
Registering precompiled user dll's ...
Registered in 0.010042 seconds.
Begin MonoManager ReloadAssembly
Native extension for WindowsStandalone target not found
Refreshing native plugins compatible for Editor in 2.04 ms, found 2 plugins.
Preloading 0 native plugins for Editor in 0.00 ms.
Mono: successfully reloaded assembly
- Completed reload, in  1.509 seconds
Platform modules already initialized, skipping
Shader 'Universal Render Pipeline/Particles/Lit': fallback shader 'Universal Render Pipeline/Particles/SimpleLit' not found
Refreshing native plugins compatible for Editor in 3.04 ms, found 2 plugins.
Preloading 0 native plugins for Editor in 0.00 ms.
Unloading 2590 Unused Serialized files (Serialized files now loaded: 0)
System memory in use before: 131.1 MB.
System memory in use after: 131.3 MB.

Unloading 14 unused Assets to reduce memory usage. Loaded Objects now: 3239.
Total: 3.062500 ms (FindLiveObjects: 0.297500 ms CreateObjectMapping: 0.113800 ms MarkObjects: 2.611000 ms  DeleteObjects: 0.039000 ms)

========================================================================
Received Prepare
Registering precompiled user dll's ...
Registered in 0.010651 seconds.
Begin MonoManager ReloadAssembly
Native extension for WindowsStandalone target not found
Refreshing native plugins compatible for Editor in 1.91 ms, found 2 plugins.
Preloading 0 native plugins for Editor in 0.00 ms.
Mono: successfully reloaded assembly
- Completed reload, in  1.551 seconds
Platform modules already initialized, skipping
Shader 'Universal Render Pipeline/Particles/Lit': fallback shader 'Universal Render Pipeline/Particles/SimpleLit' not found
Refreshing native plugins compatible for Editor in 1.99 ms, found 2 plugins.
Preloading 0 native plugins for Editor in 0.00 ms.
Unloading 2590 Unused Serialized files (Serialized files now loaded: 0)
System memory in use before: 131.1 MB.
System memory in use after: 131.4 MB.

Unloading 14 unused Assets to reduce memory usage. Loaded Objects now: 3242.
Total: 3.445100 ms (FindLiveObjects: 0.294300 ms CreateObjectMapping: 0.113400 ms MarkObjects: 2.996600 ms  DeleteObjects: 0.039800 ms)

========================================================================
Received Prepare
Registering precompiled user dll's ...
Registered in 0.010630 seconds.
Begin MonoManager ReloadAssembly
Native extension for WindowsStandalone target not found
Refreshing native plugins compatible for Editor in 1.94 ms, found 2 plugins.
Preloading 0 native plugins for Editor in 0.00 ms.
Mono: successfully reloaded assembly
- Completed reload, in  1.453 seconds
Platform modules already initialized, skipping
Shader 'Universal Render Pipeline/Particles/Lit': fallback shader 'Universal Render Pipeline/Particles/SimpleLit' not found
Refreshing native plugins compatible for Editor in 1.78 ms, found 2 plugins.
Preloading 0 native plugins for Editor in 0.00 ms.
Unloading 2590 Unused Serialized files (Serialized files now loaded: 0)
System memory in use before: 131.1 MB.
System memory in use after: 131.4 MB.

Unloading 14 unused Assets to reduce memory usage. Loaded Objects now: 3245.
Total: 3.399500 ms (FindLiveObjects: 0.507000 ms CreateObjectMapping: 0.235400 ms MarkObjects: 2.605500 ms  DeleteObjects: 0.049900 ms)

========================================================================
Received Import Request.
  Time since last request: 779.032808 seconds.
  path: Assets/Code/Gameplay/Spells Related/Interactables
  artifactKey: Guid(4fd1c2188f679b146b0de52cc0ccf191) Importer(815301076,1909f56bfc062723c751e8b465ee728b)
Start importing Assets/Code/Gameplay/Spells Related/Interactables using Guid(4fd1c2188f679b146b0de52cc0ccf191) Importer(815301076,1909f56bfc062723c751e8b465ee728b)  -> (artifact id: '0fefb8be6cff9e6a81031d781b1510e4') in 0.013951 seconds
  Import took 0.022619 seconds .

========================================================================
Received Prepare
Registering precompiled user dll's ...
Registered in 0.012623 seconds.
Begin MonoManager ReloadAssembly
Native extension for WindowsStandalone target not found
Refreshing native plugins compatible for Editor in 2.03 ms, found 2 plugins.
Preloading 0 native plugins for Editor in 0.00 ms.
Mono: successfully reloaded assembly
- Completed reload, in  1.536 seconds
Platform modules already initialized, skipping
Shader 'Universal Render Pipeline/Particles/Lit': fallback shader 'Universal Render Pipeline/Particles/SimpleLit' not found
Refreshing native plugins compatible for Editor in 2.91 ms, found 2 plugins.
Preloading 0 native plugins for Editor in 0.00 ms.
Unloading 2590 Unused Serialized files (Serialized files now loaded: 0)
System memory in use before: 131.1 MB.
System memory in use after: 131.4 MB.

Unloading 14 unused Assets to reduce memory usage. Loaded Objects now: 3248.
Total: 2.910700 ms (FindLiveObjects: 0.287700 ms CreateObjectMapping: 0.123700 ms MarkObjects: 2.477400 ms  DeleteObjects: 0.020800 ms)

========================================================================
Received Import Request.
  Time since last request: 15.170374 seconds.
  path: Assets/Code/Gameplay/Spells Related/Spells
  artifactKey: Guid(e840de0cae3015249bca642468d70650) Importer(815301076,1909f56bfc062723c751e8b465ee728b)
Start importing Assets/Code/Gameplay/Spells Related/Spells using Guid(e840de0cae3015249bca642468d70650) Importer(815301076,1909f56bfc062723c751e8b465ee728b)  -> (artifact id: '489a2fb75a93c64178647d8628d27236') in 0.052435 seconds
  Import took 0.058489 seconds .

========================================================================
Received Import Request.
  Time since last request: 6.498985 seconds.
  path: Assets/Code/Gameplay/Spells Related/Spell_SO.cs
  artifactKey: Guid(75f2f35a80cb5434a9f749215b43c618) Importer(815301076,1909f56bfc062723c751e8b465ee728b)
Start importing Assets/Code/Gameplay/Spells Related/Spell_SO.cs using Guid(75f2f35a80cb5434a9f749215b43c618) Importer(815301076,1909f56bfc062723c751e8b465ee728b)  -> (artifact id: '2930e56c657ce515f8d47f3b9fff371e') in 0.004037 seconds
  Import took 0.010573 seconds .

========================================================================
Received Import Request.
  Time since last request: 0.038585 seconds.
  path: Assets/Code/Gameplay/Spells Related/Spell_SO.cs
  artifactKey: Guid(75f2f35a80cb5434a9f749215b43c618) Importer(815301076,1909f56bfc062723c751e8b465ee728b)
Start importing Assets/Code/Gameplay/Spells Related/Spell_SO.cs using Guid(75f2f35a80cb5434a9f749215b43c618) Importer(815301076,1909f56bfc062723c751e8b465ee728b)  -> (artifact id: '2930e56c657ce515f8d47f3b9fff371e') in 0.004694 seconds
  Import took 0.010931 seconds .

========================================================================
Received Import Request.
  Time since last request: 0.279546 seconds.
  path: Assets/Code/Gameplay/Spells Related/SpellBehaviour.cs
  artifactKey: Guid(dc6a430b0c795094fbd818d253ce235a) Importer(815301076,1909f56bfc062723c751e8b465ee728b)
Start importing Assets/Code/Gameplay/Spells Related/SpellBehaviour.cs using Guid(dc6a430b0c795094fbd818d253ce235a) Importer(815301076,1909f56bfc062723c751e8b465ee728b)  -> (artifact id: '8c86f45f88b264632c87ab1ce948a196') in 0.011124 seconds
  Import took 0.017354 seconds .

========================================================================
Received Import Request.
  Time since last request: 0.001132 seconds.
  path: Assets/Code/Gameplay/Spells Related/SpellBehaviour.cs
  artifactKey: Guid(dc6a430b0c795094fbd818d253ce235a) Importer(815301076,1909f56bfc062723c751e8b465ee728b)
Start importing Assets/Code/Gameplay/Spells Related/SpellBehaviour.cs using Guid(dc6a430b0c795094fbd818d253ce235a) Importer(815301076,1909f56bfc062723c751e8b465ee728b)  -> (artifact id: '8c86f45f88b264632c87ab1ce948a196') in 0.004602 seconds
  Import took 0.012740 seconds .

========================================================================
Received Prepare
Registering precompiled user dll's ...
Registered in 0.011228 seconds.
Begin MonoManager ReloadAssembly
Native extension for WindowsStandalone target not found
Refreshing native plugins compatible for Editor in 1.80 ms, found 2 plugins.
Preloading 0 native plugins for Editor in 0.00 ms.
Mono: successfully reloaded assembly
- Completed reload, in  1.495 seconds
Platform modules already initialized, skipping
Shader 'Universal Render Pipeline/Particles/Lit': fallback shader 'Universal Render Pipeline/Particles/SimpleLit' not found
Refreshing native plugins compatible for Editor in 1.73 ms, found 2 plugins.
Preloading 0 native plugins for Editor in 0.00 ms.
Unloading 2590 Unused Serialized files (Serialized files now loaded: 0)
System memory in use before: 131.1 MB.
System memory in use after: 131.4 MB.

Unloading 14 unused Assets to reduce memory usage. Loaded Objects now: 3251.
Total: 3.020800 ms (FindLiveObjects: 0.279900 ms CreateObjectMapping: 0.142500 ms MarkObjects: 2.576300 ms  DeleteObjects: 0.021100 ms)

========================================================================
Received Import Request.
  Time since last request: 13.910049 seconds.
  path: Assets/Code/Gameplay/Spells & Interactables
  artifactKey: Guid(204a391b90f72884f96ae4afd6abc1a9) Importer(815301076,1909f56bfc062723c751e8b465ee728b)
Start importing Assets/Code/Gameplay/Spells & Interactables using Guid(204a391b90f72884f96ae4afd6abc1a9) Importer(815301076,1909f56bfc062723c751e8b465ee728b)  -> (artifact id: '2db3655b0871a884c16a9b5bf02578b6') in 0.016352 seconds
  Import took 0.025870 seconds .

========================================================================
Received Prepare
Registering precompiled user dll's ...
Registered in 0.010581 seconds.
Begin MonoManager ReloadAssembly
Native extension for WindowsStandalone target not found
Refreshing native plugins compatible for Editor in 1.86 ms, found 2 plugins.
Preloading 0 native plugins for Editor in 0.00 ms.
Mono: successfully reloaded assembly
- Completed reload, in  1.492 seconds
Platform modules already initialized, skipping
Shader 'Universal Render Pipeline/Particles/Lit': fallback shader 'Universal Render Pipeline/Particles/SimpleLit' not found
Refreshing native plugins compatible for Editor in 1.97 ms, found 2 plugins.
Preloading 0 native plugins for Editor in 0.00 ms.
Unloading 2590 Unused Serialized files (Serialized files now loaded: 0)
System memory in use before: 131.2 MB.
System memory in use after: 131.4 MB.

Unloading 14 unused Assets to reduce memory usage. Loaded Objects now: 3254.
Total: 3.093700 ms (FindLiveObjects: 0.293000 ms CreateObjectMapping: 0.121200 ms MarkObjects: 2.658000 ms  DeleteObjects: 0.020300 ms)

========================================================================
Received Import Request.
  Time since last request: 18.875266 seconds.
  path: Assets/Code/Gameplay/Spells & Interactables/Spells/NatureArrow.cs
  artifactKey: Guid(54d7d1441e7eb4b45b87b0e13494c9de) Importer(815301076,1909f56bfc062723c751e8b465ee728b)
Start importing Assets/Code/Gameplay/Spells & Interactables/Spells/NatureArrow.cs using Guid(54d7d1441e7eb4b45b87b0e13494c9de) Importer(815301076,1909f56bfc062723c751e8b465ee728b)  -> (artifact id: '8e8f5f0395f1dac5965e739158fd0a70') in 0.014935 seconds
  Import took 0.023218 seconds .

========================================================================
Received Import Request.
  Time since last request: 0.007765 seconds.
  path: Assets/Code/Gameplay/Spells & Interactables/Spells/NatureArrow.cs
  artifactKey: Guid(54d7d1441e7eb4b45b87b0e13494c9de) Importer(815301076,1909f56bfc062723c751e8b465ee728b)
Start importing Assets/Code/Gameplay/Spells & Interactables/Spells/NatureArrow.cs using Guid(54d7d1441e7eb4b45b87b0e13494c9de) Importer(815301076,1909f56bfc062723c751e8b465ee728b)  -> (artifact id: '8e8f5f0395f1dac5965e739158fd0a70') in 0.004365 seconds
  Import took 0.012081 seconds .

========================================================================
Received Prepare
Registering precompiled user dll's ...
Registered in 0.013549 seconds.
Begin MonoManager ReloadAssembly
Native extension for WindowsStandalone target not found
Refreshing native plugins compatible for Editor in 1.87 ms, found 2 plugins.
Preloading 0 native plugins for Editor in 0.00 ms.
Mono: successfully reloaded assembly
- Completed reload, in  1.543 seconds
Platform modules already initialized, skipping
Shader 'Universal Render Pipeline/Particles/Lit': fallback shader 'Universal Render Pipeline/Particles/SimpleLit' not found
Refreshing native plugins compatible for Editor in 1.80 ms, found 2 plugins.
Preloading 0 native plugins for Editor in 0.00 ms.
Unloading 2591 Unused Serialized files (Serialized files now loaded: 0)
System memory in use before: 131.2 MB.
System memory in use after: 131.4 MB.

Unloading 14 unused Assets to reduce memory usage. Loaded Objects now: 3258.
Total: 3.270300 ms (FindLiveObjects: 0.291900 ms CreateObjectMapping: 0.107900 ms MarkObjects: 2.849000 ms  DeleteObjects: 0.020500 ms)

========================================================================
Received Prepare
Registering precompiled user dll's ...
Registered in 0.010967 seconds.
Begin MonoManager ReloadAssembly
Native extension for WindowsStandalone target not found
Refreshing native plugins compatible for Editor in 2.01 ms, found 2 plugins.
Preloading 0 native plugins for Editor in 0.00 ms.
Mono: successfully reloaded assembly
- Completed reload, in  1.458 seconds
Platform modules already initialized, skipping
Shader 'Universal Render Pipeline/Particles/Lit': fallback shader 'Universal Render Pipeline/Particles/SimpleLit' not found
Refreshing native plugins compatible for Editor in 1.87 ms, found 2 plugins.
Preloading 0 native plugins for Editor in 0.00 ms.
Unloading 2591 Unused Serialized files (Serialized files now loaded: 0)
System memory in use before: 131.2 MB.
System memory in use after: 131.4 MB.

Unloading 14 unused Assets to reduce memory usage. Loaded Objects now: 3261.
Total: 3.054300 ms (FindLiveObjects: 0.285800 ms CreateObjectMapping: 0.155800 ms MarkObjects: 2.591000 ms  DeleteObjects: 0.020900 ms)

========================================================================
Received Import Request.
  Time since last request: 255.634265 seconds.
  path: Assets/Code/Gameplay/Spells & Interactables/Spells/NatureArrow.cs
  artifactKey: Guid(54d7d1441e7eb4b45b87b0e13494c9de) Importer(815301076,1909f56bfc062723c751e8b465ee728b)
Start importing Assets/Code/Gameplay/Spells & Interactables/Spells/NatureArrow.cs using Guid(54d7d1441e7eb4b45b87b0e13494c9de) Importer(815301076,1909f56bfc062723c751e8b465ee728b)  -> (artifact id: '46f5c0da5ab05a416a1dfd9923ae65f2') in 0.006862 seconds
  Import took 0.013767 seconds .

========================================================================
Received Import Request.
  Time since last request: 9.274112 seconds.
  path: Assets/Data/Prefabs/Mani Prefabs/Nature's Arrow - MOCK.prefab
  artifactKey: Guid(01d62d0306c6d1949ab9c8dc322af09f) Importer(815301076,1909f56bfc062723c751e8b465ee728b)
Start importing Assets/Data/Prefabs/Mani Prefabs/Nature's Arrow - MOCK.prefab using Guid(01d62d0306c6d1949ab9c8dc322af09f) Importer(815301076,1909f56bfc062723c751e8b465ee728b)  -> (artifact id: '86ae9e4f15127f4d81135218630d76c4') in 0.435860 seconds
  Import took 0.443933 seconds .

========================================================================
Received Import Request.
  Time since last request: 3.383666 seconds.
  path: Assets/Data/Prefabs/Mani Prefabs/Nature's Arrow - MOCK.prefab
  artifactKey: Guid(01d62d0306c6d1949ab9c8dc322af09f) Importer(815301076,1909f56bfc062723c751e8b465ee728b)
Start importing Assets/Data/Prefabs/Mani Prefabs/Nature's Arrow - MOCK.prefab using Guid(01d62d0306c6d1949ab9c8dc322af09f) Importer(815301076,1909f56bfc062723c751e8b465ee728b)  -> (artifact id: '960ba6928a1ea705be6f1d6d6dd64efd') in 0.026084 seconds
  Import took 0.032758 seconds .

========================================================================
Received Prepare
Registering precompiled user dll's ...
Registered in 0.011363 seconds.
Begin MonoManager ReloadAssembly
Native extension for WindowsStandalone target not found
Refreshing native plugins compatible for Editor in 1.89 ms, found 2 plugins.
Preloading 0 native plugins for Editor in 0.00 ms.
Mono: successfully reloaded assembly
- Completed reload, in  1.451 seconds
Platform modules already initialized, skipping
Shader 'Universal Render Pipeline/Particles/Lit': fallback shader 'Universal Render Pipeline/Particles/SimpleLit' not found
Refreshing native plugins compatible for Editor in 1.80 ms, found 2 plugins.
Preloading 0 native plugins for Editor in 0.00 ms.
Unloading 2591 Unused Serialized files (Serialized files now loaded: 0)
System memory in use before: 131.4 MB.
System memory in use after: 131.6 MB.

Unloading 15 unused Assets to reduce memory usage. Loaded Objects now: 3300.
Total: 4.198000 ms (FindLiveObjects: 0.563700 ms CreateObjectMapping: 0.405500 ms MarkObjects: 3.132900 ms  DeleteObjects: 0.095100 ms)

========================================================================
Received Prepare
Registering precompiled user dll's ...
Registered in 0.016832 seconds.
Begin MonoManager ReloadAssembly
Native extension for WindowsStandalone target not found
Refreshing native plugins compatible for Editor in 2.63 ms, found 2 plugins.
Preloading 0 native plugins for Editor in 0.00 ms.
Mono: successfully reloaded assembly
- Completed reload, in  2.153 seconds
Platform modules already initialized, skipping
Shader 'Universal Render Pipeline/Particles/Lit': fallback shader 'Universal Render Pipeline/Particles/SimpleLit' not found
Refreshing native plugins compatible for Editor in 3.22 ms, found 2 plugins.
Preloading 0 native plugins for Editor in 0.00 ms.
Unloading 2591 Unused Serialized files (Serialized files now loaded: 0)
System memory in use before: 131.4 MB.
System memory in use after: 131.6 MB.

Unloading 14 unused Assets to reduce memory usage. Loaded Objects now: 3303.
Total: 5.388200 ms (FindLiveObjects: 0.550200 ms CreateObjectMapping: 0.324700 ms MarkObjects: 4.484800 ms  DeleteObjects: 0.026900 ms)

========================================================================
Received Prepare
Registering precompiled user dll's ...
Registered in 0.015661 seconds.
Begin MonoManager ReloadAssembly
Native extension for WindowsStandalone target not found
Refreshing native plugins compatible for Editor in 2.55 ms, found 2 plugins.
Preloading 0 native plugins for Editor in 0.00 ms.
Mono: successfully reloaded assembly
- Completed reload, in  2.151 seconds
Platform modules already initialized, skipping
Shader 'Universal Render Pipeline/Particles/Lit': fallback shader 'Universal Render Pipeline/Particles/SimpleLit' not found
Refreshing native plugins compatible for Editor in 3.12 ms, found 2 plugins.
Preloading 0 native plugins for Editor in 0.00 ms.
Unloading 2591 Unused Serialized files (Serialized files now loaded: 0)
System memory in use before: 131.4 MB.
System memory in use after: 131.6 MB.

Unloading 14 unused Assets to reduce memory usage. Loaded Objects now: 3306.
Total: 4.816400 ms (FindLiveObjects: 0.435600 ms CreateObjectMapping: 0.229100 ms MarkObjects: 4.125900 ms  DeleteObjects: 0.024200 ms)

========================================================================
Received Prepare
Registering precompiled user dll's ...
Registered in 0.011557 seconds.
Begin MonoManager ReloadAssembly
Native extension for WindowsStandalone target not found
Refreshing native plugins compatible for Editor in 1.94 ms, found 2 plugins.
Preloading 0 native plugins for Editor in 0.00 ms.
Mono: successfully reloaded assembly
- Completed reload, in  1.579 seconds
Platform modules already initialized, skipping
Shader 'Universal Render Pipeline/Particles/Lit': fallback shader 'Universal Render Pipeline/Particles/SimpleLit' not found
Refreshing native plugins compatible for Editor in 3.18 ms, found 2 plugins.
Preloading 0 native plugins for Editor in 0.00 ms.
Unloading 2591 Unused Serialized files (Serialized files now loaded: 0)
System memory in use before: 131.4 MB.
System memory in use after: 131.6 MB.

Unloading 14 unused Assets to reduce memory usage. Loaded Objects now: 3309.
Total: 4.293900 ms (FindLiveObjects: 0.320600 ms CreateObjectMapping: 0.119000 ms MarkObjects: 3.826200 ms  DeleteObjects: 0.027000 ms)

========================================================================
Received Prepare
Registering precompiled user dll's ...
Registered in 0.011550 seconds.
Begin MonoManager ReloadAssembly
Native extension for WindowsStandalone target not found
Refreshing native plugins compatible for Editor in 1.86 ms, found 2 plugins.
Preloading 0 native plugins for Editor in 0.00 ms.
Mono: successfully reloaded assembly
- Completed reload, in  1.423 seconds
Platform modules already initialized, skipping
Shader 'Universal Render Pipeline/Particles/Lit': fallback shader 'Universal Render Pipeline/Particles/SimpleLit' not found
Refreshing native plugins compatible for Editor in 1.78 ms, found 2 plugins.
Preloading 0 native plugins for Editor in 0.00 ms.
Unloading 2591 Unused Serialized files (Serialized files now loaded: 0)
System memory in use before: 131.4 MB.
System memory in use after: 131.6 MB.

Unloading 14 unused Assets to reduce memory usage. Loaded Objects now: 3312.
Total: 4.237400 ms (FindLiveObjects: 0.665600 ms CreateObjectMapping: 0.317400 ms MarkObjects: 3.225100 ms  DeleteObjects: 0.028200 ms)

AssetImportWorkerClient::OnTransportError - code=2 error=End of file
